<?xml version="1.0" encoding="UTF-8"?>
<!-- Generated by org.testng.reporters.JUnitXMLReporter -->
<testsuite hostname="EN32276" ignored="0" name="Command line test" tests="654" failures="0" timestamp="08 Nov 2017 19:10:14 GMT" time="3.48" errors="0">
  <testcase name="keywordExists" time="0.023" classname="com.github.fge.jsonschema.keyword.digest.AbstractDigesterTest"/>
  <testcase name="keywordExists" time="0.0" classname="com.github.fge.jsonschema.keyword.digest.AbstractDigesterTest"/>
  <testcase name="keywordExists" time="0.0" classname="com.github.fge.jsonschema.keyword.digest.AbstractDigesterTest"/>
  <testcase name="keywordExists" time="0.0" classname="com.github.fge.jsonschema.keyword.digest.AbstractDigesterTest"/>
  <testcase name="formatAttributeIsSupported" time="0.001" classname="com.github.fge.jsonschema.format.AbstractFormatAttributeTest"/>
  <testcase name="formatAttributeIsSupported" time="0.0" classname="com.github.fge.jsonschema.format.AbstractFormatAttributeTest"/>
  <testcase name="formatAttributeIsSupported" time="0.0" classname="com.github.fge.jsonschema.format.AbstractFormatAttributeTest"/>
  <testcase name="formatAttributeIsSupported" time="0.001" classname="com.github.fge.jsonschema.format.AbstractFormatAttributeTest"/>
  <testcase name="keywordExists" time="0.0" classname="com.github.fge.jsonschema.keyword.validator.AbstractKeywordValidatorTest"/>
  <testcase name="keywordExists" time="0.0" classname="com.github.fge.jsonschema.keyword.validator.AbstractKeywordValidatorTest"/>
  <testcase name="keywordExists" time="0.0" classname="com.github.fge.jsonschema.keyword.validator.AbstractKeywordValidatorTest"/>
  <testcase name="keywordExists" time="0.0" classname="com.github.fge.jsonschema.keyword.validator.callback.CallbackValidatorTest"/>
  <testcase name="keywordExists" time="0.001" classname="com.github.fge.jsonschema.keyword.validator.callback.CallbackValidatorTest"/>
  <testcase name="keywordExists" time="0.0" classname="com.github.fge.jsonschema.keyword.validator.callback.CallbackValidatorTest"/>
  <testcase name="v3ValidatesItself" time="0.256" classname="com.github.fge.jsonschema.validation.SelfValidationTest"/>
  <testcase name="v3ValidatesItself" time="0.297" classname="com.github.fge.jsonschema.validation.SelfValidationTest"/>
  <testcase name="v3ValidatesItself" time="0.304" classname="com.github.fge.jsonschema.validation.SelfValidationTest"/>
  <testcase name="v3ValidatesItself" time="0.02" classname="com.github.fge.jsonschema.validation.SelfValidationTest"/>
  <testcase name="v3ValidatesItself" time="0.367" classname="com.github.fge.jsonschema.validation.SelfValidationTest"/>
  <testcase name="v3ValidatesItself" time="0.052" classname="com.github.fge.jsonschema.validation.SelfValidationTest"/>
  <testcase name="v3ValidatesItself" time="0.069" classname="com.github.fge.jsonschema.validation.SelfValidationTest"/>
  <testcase name="v3ValidatesItself" time="0.108" classname="com.github.fge.jsonschema.validation.SelfValidationTest"/>
  <testcase name="v3ValidatesItself" time="0.033" classname="com.github.fge.jsonschema.validation.SelfValidationTest"/>
  <testcase name="v3ValidatesItself" time="0.067" classname="com.github.fge.jsonschema.validation.SelfValidationTest"/>
  <testcase name="v4ValidatesItselfButNotV3" time="0.143" classname="com.github.fge.jsonschema.validation.SelfValidationTest"/>
  <testcase name="v4ValidatesItselfButNotV3" time="0.2" classname="com.github.fge.jsonschema.validation.SelfValidationTest"/>
  <testcase name="v4ValidatesItselfButNotV3" time="0.205" classname="com.github.fge.jsonschema.validation.SelfValidationTest"/>
  <testcase name="v4ValidatesItselfButNotV3" time="0.088" classname="com.github.fge.jsonschema.validation.SelfValidationTest"/>
  <testcase name="v4ValidatesItselfButNotV3" time="0.252" classname="com.github.fge.jsonschema.validation.SelfValidationTest"/>
  <testcase name="v4ValidatesItselfButNotV3" time="0.053" classname="com.github.fge.jsonschema.validation.SelfValidationTest"/>
  <testcase name="v4ValidatesItselfButNotV3" time="0.032" classname="com.github.fge.jsonschema.validation.SelfValidationTest"/>
  <testcase name="v4ValidatesItselfButNotV3" time="0.085" classname="com.github.fge.jsonschema.validation.SelfValidationTest"/>
  <testcase name="v4ValidatesItselfButNotV3" time="0.13" classname="com.github.fge.jsonschema.validation.SelfValidationTest"/>
  <testcase name="v4ValidatesItselfButNotV3" time="0.082" classname="com.github.fge.jsonschema.validation.SelfValidationTest"/>
  <testcase name="allRelevantValidatorsAreBuilt" time="0.001" classname="com.github.fge.jsonschema.processors.build.ValidatorBuilderTest"/>
  <testcase name="challengedConstructorRaisesAnException" time="0.001" classname="com.github.fge.jsonschema.processors.build.ValidatorBuilderTest"/>
  <testcase name="onlyRelevantValidatorsAreBuilt" time="0.001" classname="com.github.fge.jsonschema.processors.build.ValidatorBuilderTest"/>
  <testcase name="cannotOverrideExistingLibrary" time="0.006" classname="com.github.fge.jsonschema.cfg.ValidationConfigurationTest"/>
  <testcase name="cannotPutInvalidCacheSize" time="0.0" classname="com.github.fge.jsonschema.cfg.ValidationConfigurationTest"/>
  <testcase name="cannotPutNullLibrary" time="0.0" classname="com.github.fge.jsonschema.cfg.ValidationConfigurationTest"/>
  <testcase name="cannotPutNullSyntaxMessageBundle" time="0.0" classname="com.github.fge.jsonschema.cfg.ValidationConfigurationTest"/>
  <testcase name="cannotPutNullValidationMessageBundle" time="0.001" classname="com.github.fge.jsonschema.cfg.ValidationConfigurationTest"/>
  <testcase name="defaultLibraryIsAccountedFor" time="0.0" classname="com.github.fge.jsonschema.cfg.ValidationConfigurationTest"/>
  <testcase name="defaultLibraryIsDraftV4" time="0.0" classname="com.github.fge.jsonschema.cfg.ValidationConfigurationTest"/>
  <testcase name="defaultVersionCannotBeNull" time="0.0" classname="com.github.fge.jsonschema.cfg.ValidationConfigurationTest"/>
  <testcase name="digestsAreCorrectlyComputed" time="0.001" classname="com.github.fge.jsonschema.keyword.digest.AbstractDigesterTest"/>
  <testcase name="digestsAreCorrectlyComputed" time="0.0" classname="com.github.fge.jsonschema.keyword.digest.AbstractDigesterTest"/>
  <testcase name="digestsAreCorrectlyComputed" time="0.0" classname="com.github.fge.jsonschema.keyword.digest.AbstractDigesterTest"/>
  <testcase name="digestsAreCorrectlyComputed" time="0.0" classname="com.github.fge.jsonschema.keyword.digest.AbstractDigesterTest"/>
  <testcase name="digestsAreCorrectlyComputed" time="0.0" classname="com.github.fge.jsonschema.keyword.digest.AbstractDigesterTest"/>
  <testcase name="digestsAreCorrectlyComputed" time="0.0" classname="com.github.fge.jsonschema.keyword.digest.AbstractDigesterTest"/>
  <testcase name="digestsAreCorrectlyComputed" time="0.0" classname="com.github.fge.jsonschema.keyword.digest.AbstractDigesterTest"/>
  <testcase name="digestsAreCorrectlyComputed" time="0.0" classname="com.github.fge.jsonschema.keyword.digest.AbstractDigesterTest"/>
  <testcase name="digestsAreCorrectlyComputed" time="0.0" classname="com.github.fge.jsonschema.keyword.digest.AbstractDigesterTest"/>
  <testcase name="digestsAreCorrectlyComputed" time="0.0" classname="com.github.fge.jsonschema.keyword.digest.AbstractDigesterTest"/>
  <testcase name="digestsAreCorrectlyComputed" time="0.001" classname="com.github.fge.jsonschema.keyword.digest.AbstractDigesterTest"/>
  <testcase name="digestsAreCorrectlyComputed" time="0.0" classname="com.github.fge.jsonschema.keyword.digest.AbstractDigesterTest"/>
  <testcase name="digestsAreCorrectlyComputed" time="0.0" classname="com.github.fge.jsonschema.keyword.digest.AbstractDigesterTest"/>
  <testcase name="digestsAreCorrectlyComputed" time="0.0" classname="com.github.fge.jsonschema.keyword.digest.AbstractDigesterTest"/>
  <testcase name="digestsAreCorrectlyComputed" time="0.001" classname="com.github.fge.jsonschema.keyword.digest.AbstractDigesterTest"/>
  <testcase name="digestsAreCorrectlyComputed" time="0.001" classname="com.github.fge.jsonschema.keyword.digest.AbstractDigesterTest"/>
  <testcase name="digestsAreCorrectlyComputed" time="0.0" classname="com.github.fge.jsonschema.keyword.digest.AbstractDigesterTest"/>
  <testcase name="digestsAreCorrectlyComputed" time="0.0" classname="com.github.fge.jsonschema.keyword.digest.AbstractDigesterTest"/>
  <testcase name="digestsAreCorrectlyComputed" time="0.002" classname="com.github.fge.jsonschema.keyword.digest.AbstractDigesterTest"/>
  <testcase name="digestsAreCorrectlyComputed" time="0.0" classname="com.github.fge.jsonschema.keyword.digest.AbstractDigesterTest"/>
  <testcase name="digestsAreCorrectlyComputed" time="0.0" classname="com.github.fge.jsonschema.keyword.digest.AbstractDigesterTest"/>
  <testcase name="digestsAreCorrectlyComputed" time="0.0" classname="com.github.fge.jsonschema.keyword.digest.AbstractDigesterTest"/>
  <testcase name="digestsAreCorrectlyComputed" time="0.0" classname="com.github.fge.jsonschema.keyword.digest.AbstractDigesterTest"/>
  <testcase name="digestsAreCorrectlyComputed" time="0.0" classname="com.github.fge.jsonschema.keyword.digest.AbstractDigesterTest"/>
  <testcase name="digestsAreCorrectlyComputed" time="0.0" classname="com.github.fge.jsonschema.keyword.digest.AbstractDigesterTest"/>
  <testcase name="digestsAreCorrectlyComputed" time="0.0" classname="com.github.fge.jsonschema.keyword.digest.AbstractDigesterTest"/>
  <testcase name="digestsAreCorrectlyComputed" time="0.0" classname="com.github.fge.jsonschema.keyword.digest.AbstractDigesterTest"/>
  <testcase name="digestsAreCorrectlyComputed" time="0.0" classname="com.github.fge.jsonschema.keyword.digest.AbstractDigesterTest"/>
  <testcase name="digestsAreCorrectlyComputed" time="0.0" classname="com.github.fge.jsonschema.keyword.digest.AbstractDigesterTest"/>
  <testcase name="digestsAreCorrectlyComputed" time="0.0" classname="com.github.fge.jsonschema.keyword.digest.AbstractDigesterTest"/>
  <testcase name="digestsAreCorrectlyComputed" time="0.0" classname="com.github.fge.jsonschema.keyword.digest.AbstractDigesterTest"/>
  <testcase name="digestsAreCorrectlyComputed" time="0.0" classname="com.github.fge.jsonschema.keyword.digest.AbstractDigesterTest"/>
  <testcase name="digestsAreCorrectlyComputed" time="0.0" classname="com.github.fge.jsonschema.keyword.digest.AbstractDigesterTest"/>
  <testcase name="digestsAreCorrectlyComputed" time="0.0" classname="com.github.fge.jsonschema.keyword.digest.AbstractDigesterTest"/>
  <testcase name="instanceIsCorrectlyAnalyzed" time="0.079" classname="com.github.fge.jsonschema.format.AbstractFormatAttributeTest"/>
  <testcase name="instanceIsCorrectlyAnalyzed" time="0.001" classname="com.github.fge.jsonschema.format.AbstractFormatAttributeTest"/>
  <testcase name="instanceIsCorrectlyAnalyzed" time="0.001" classname="com.github.fge.jsonschema.format.AbstractFormatAttributeTest"/>
  <testcase name="instanceIsCorrectlyAnalyzed" time="0.001" classname="com.github.fge.jsonschema.format.AbstractFormatAttributeTest"/>
  <testcase name="instanceIsCorrectlyAnalyzed" time="0.001" classname="com.github.fge.jsonschema.format.AbstractFormatAttributeTest"/>
  <testcase name="instanceIsCorrectlyAnalyzed" time="0.0" classname="com.github.fge.jsonschema.format.AbstractFormatAttributeTest"/>
  <testcase name="instanceIsCorrectlyAnalyzed" time="0.0" classname="com.github.fge.jsonschema.format.AbstractFormatAttributeTest"/>
  <testcase name="instanceIsCorrectlyAnalyzed" time="0.018" classname="com.github.fge.jsonschema.format.AbstractFormatAttributeTest"/>
  <testcase name="instanceIsCorrectlyAnalyzed" time="0.002" classname="com.github.fge.jsonschema.format.AbstractFormatAttributeTest"/>
  <testcase name="instanceIsCorrectlyAnalyzed" time="0.001" classname="com.github.fge.jsonschema.format.AbstractFormatAttributeTest"/>
  <testcase name="instanceIsCorrectlyAnalyzed" time="0.001" classname="com.github.fge.jsonschema.format.AbstractFormatAttributeTest"/>
  <testcase name="instanceIsCorrectlyAnalyzed" time="0.001" classname="com.github.fge.jsonschema.format.AbstractFormatAttributeTest"/>
  <testcase name="instanceIsCorrectlyAnalyzed" time="0.001" classname="com.github.fge.jsonschema.format.AbstractFormatAttributeTest"/>
  <testcase name="instanceIsCorrectlyAnalyzed" time="0.0" classname="com.github.fge.jsonschema.format.AbstractFormatAttributeTest"/>
  <testcase name="instanceIsCorrectlyAnalyzed" time="0.0" classname="com.github.fge.jsonschema.format.AbstractFormatAttributeTest"/>
  <testcase name="instanceIsCorrectlyAnalyzed" time="0.001" classname="com.github.fge.jsonschema.format.AbstractFormatAttributeTest"/>
  <testcase name="instanceIsCorrectlyAnalyzed" time="0.0" classname="com.github.fge.jsonschema.format.AbstractFormatAttributeTest"/>
  <testcase name="instanceIsCorrectlyAnalyzed" time="0.001" classname="com.github.fge.jsonschema.format.AbstractFormatAttributeTest"/>
  <testcase name="instanceIsCorrectlyAnalyzed" time="0.002" classname="com.github.fge.jsonschema.format.AbstractFormatAttributeTest"/>
  <testcase name="instanceIsCorrectlyAnalyzed" time="0.003" classname="com.github.fge.jsonschema.format.AbstractFormatAttributeTest"/>
  <testcase name="instanceIsCorrectlyAnalyzed" time="0.0" classname="com.github.fge.jsonschema.format.AbstractFormatAttributeTest"/>
  <testcase name="instanceIsCorrectlyAnalyzed" time="0.0" classname="com.github.fge.jsonschema.format.AbstractFormatAttributeTest"/>
  <testcase name="instanceIsCorrectlyAnalyzed" time="0.0" classname="com.github.fge.jsonschema.format.AbstractFormatAttributeTest"/>
  <testcase name="instanceIsCorrectlyAnalyzed" time="0.0" classname="com.github.fge.jsonschema.format.AbstractFormatAttributeTest"/>
  <testcase name="instanceIsCorrectlyAnalyzed" time="0.0" classname="com.github.fge.jsonschema.format.AbstractFormatAttributeTest"/>
  <testcase name="instanceIsCorrectlyAnalyzed" time="0.001" classname="com.github.fge.jsonschema.format.AbstractFormatAttributeTest"/>
  <testcase name="instanceIsCorrectlyAnalyzed" time="0.189" classname="com.github.fge.jsonschema.format.AbstractFormatAttributeTest"/>
  <testcase name="instanceIsCorrectlyAnalyzed" time="0.001" classname="com.github.fge.jsonschema.format.AbstractFormatAttributeTest"/>
  <testcase name="instanceIsCorrectlyAnalyzed" time="0.003" classname="com.github.fge.jsonschema.format.AbstractFormatAttributeTest"/>
  <testcase name="instanceIsCorrectlyAnalyzed" time="0.0" classname="com.github.fge.jsonschema.format.AbstractFormatAttributeTest"/>
  <testcase name="instanceIsCorrectlyAnalyzed" time="0.0" classname="com.github.fge.jsonschema.format.AbstractFormatAttributeTest"/>
  <testcase name="instanceIsCorrectlyAnalyzed" time="0.001" classname="com.github.fge.jsonschema.format.AbstractFormatAttributeTest"/>
  <testcase name="instanceIsCorrectlyAnalyzed" time="0.001" classname="com.github.fge.jsonschema.format.AbstractFormatAttributeTest"/>
  <testcase name="instanceIsCorrectlyAnalyzed" time="0.001" classname="com.github.fge.jsonschema.format.AbstractFormatAttributeTest"/>
  <testcase name="instanceIsCorrectlyAnalyzed" time="0.0" classname="com.github.fge.jsonschema.format.AbstractFormatAttributeTest"/>
  <testcase name="instanceIsCorrectlyAnalyzed" time="0.001" classname="com.github.fge.jsonschema.format.AbstractFormatAttributeTest"/>
  <testcase name="instanceIsCorrectlyAnalyzed" time="0.013" classname="com.github.fge.jsonschema.format.AbstractFormatAttributeTest"/>
  <testcase name="instanceIsCorrectlyAnalyzed" time="0.011" classname="com.github.fge.jsonschema.format.AbstractFormatAttributeTest"/>
  <testcase name="instanceIsCorrectlyAnalyzed" time="0.001" classname="com.github.fge.jsonschema.format.AbstractFormatAttributeTest"/>
  <testcase name="instancesAreValidatedCorrectly" time="0.032" classname="com.github.fge.jsonschema.keyword.validator.AbstractKeywordValidatorTest"/>
  <testcase name="instancesAreValidatedCorrectly" time="0.002" classname="com.github.fge.jsonschema.keyword.validator.AbstractKeywordValidatorTest"/>
  <testcase name="instancesAreValidatedCorrectly" time="0.001" classname="com.github.fge.jsonschema.keyword.validator.AbstractKeywordValidatorTest"/>
  <testcase name="instancesAreValidatedCorrectly" time="0.001" classname="com.github.fge.jsonschema.keyword.validator.AbstractKeywordValidatorTest"/>
  <testcase name="instancesAreValidatedCorrectly" time="0.0" classname="com.github.fge.jsonschema.keyword.validator.AbstractKeywordValidatorTest"/>
  <testcase name="instancesAreValidatedCorrectly" time="0.002" classname="com.github.fge.jsonschema.keyword.validator.AbstractKeywordValidatorTest"/>
  <testcase name="instancesAreValidatedCorrectly" time="0.001" classname="com.github.fge.jsonschema.keyword.validator.AbstractKeywordValidatorTest"/>
  <testcase name="instancesAreValidatedCorrectly" time="0.001" classname="com.github.fge.jsonschema.keyword.validator.AbstractKeywordValidatorTest"/>
  <testcase name="instancesAreValidatedCorrectly" time="0.002" classname="com.github.fge.jsonschema.keyword.validator.AbstractKeywordValidatorTest"/>
  <testcase name="instancesAreValidatedCorrectly" time="0.007" classname="com.github.fge.jsonschema.keyword.validator.AbstractKeywordValidatorTest"/>
  <testcase name="instancesAreValidatedCorrectly" time="0.003" classname="com.github.fge.jsonschema.keyword.validator.AbstractKeywordValidatorTest"/>
  <testcase name="instancesAreValidatedCorrectly" time="0.001" classname="com.github.fge.jsonschema.keyword.validator.AbstractKeywordValidatorTest"/>
  <testcase name="instancesAreValidatedCorrectly" time="0.001" classname="com.github.fge.jsonschema.keyword.validator.AbstractKeywordValidatorTest"/>
  <testcase name="instancesAreValidatedCorrectly" time="0.001" classname="com.github.fge.jsonschema.keyword.validator.AbstractKeywordValidatorTest"/>
  <testcase name="instancesAreValidatedCorrectly" time="0.0" classname="com.github.fge.jsonschema.keyword.validator.AbstractKeywordValidatorTest"/>
  <testcase name="instancesAreValidatedCorrectly" time="0.002" classname="com.github.fge.jsonschema.keyword.validator.AbstractKeywordValidatorTest"/>
  <testcase name="instancesAreValidatedCorrectly" time="0.001" classname="com.github.fge.jsonschema.keyword.validator.AbstractKeywordValidatorTest"/>
  <testcase name="instancesAreValidatedCorrectly" time="0.001" classname="com.github.fge.jsonschema.keyword.validator.AbstractKeywordValidatorTest"/>
  <testcase name="instancesAreValidatedCorrectly" time="0.004" classname="com.github.fge.jsonschema.keyword.validator.AbstractKeywordValidatorTest"/>
  <testcase name="instancesAreValidatedCorrectly" time="0.001" classname="com.github.fge.jsonschema.keyword.validator.AbstractKeywordValidatorTest"/>
  <testcase name="instancesAreValidatedCorrectly" time="0.001" classname="com.github.fge.jsonschema.keyword.validator.AbstractKeywordValidatorTest"/>
  <testcase name="instancesAreValidatedCorrectly" time="0.001" classname="com.github.fge.jsonschema.keyword.validator.AbstractKeywordValidatorTest"/>
  <testcase name="instancesAreValidatedCorrectly" time="0.002" classname="com.github.fge.jsonschema.keyword.validator.AbstractKeywordValidatorTest"/>
  <testcase name="instancesAreValidatedCorrectly" time="0.0" classname="com.github.fge.jsonschema.keyword.validator.AbstractKeywordValidatorTest"/>
  <testcase name="instancesAreValidatedCorrectly" time="0.0" classname="com.github.fge.jsonschema.keyword.validator.AbstractKeywordValidatorTest"/>
  <testcase name="instancesAreValidatedCorrectly" time="0.001" classname="com.github.fge.jsonschema.keyword.validator.AbstractKeywordValidatorTest"/>
  <testcase name="instancesAreValidatedCorrectly" time="0.001" classname="com.github.fge.jsonschema.keyword.validator.AbstractKeywordValidatorTest"/>
  <testcase name="instancesAreValidatedCorrectly" time="0.001" classname="com.github.fge.jsonschema.keyword.validator.AbstractKeywordValidatorTest"/>
  <testcase name="instancesAreValidatedCorrectly" time="0.002" classname="com.github.fge.jsonschema.keyword.validator.AbstractKeywordValidatorTest"/>
  <testcase name="instancesAreValidatedCorrectly" time="0.003" classname="com.github.fge.jsonschema.keyword.validator.AbstractKeywordValidatorTest"/>
  <testcase name="KoThenKoWorks" time="0.058" classname="com.github.fge.jsonschema.keyword.validator.callback.CallbackValidatorTest"/>
  <testcase name="KoThenKoWorks" time="0.001" classname="com.github.fge.jsonschema.keyword.validator.callback.CallbackValidatorTest"/>
  <testcase name="KoThenKoWorks" time="0.002" classname="com.github.fge.jsonschema.keyword.validator.callback.CallbackValidatorTest"/>
  <testcase name="OkThenKoWorks" time="0.009" classname="com.github.fge.jsonschema.keyword.validator.callback.CallbackValidatorTest"/>
  <testcase name="OkThenKoWorks" time="0.001" classname="com.github.fge.jsonschema.keyword.validator.callback.CallbackValidatorTest"/>
  <testcase name="OkThenKoWorks" time="0.0" classname="com.github.fge.jsonschema.keyword.validator.callback.CallbackValidatorTest"/>
  <testcase name="OkThenOkWorks" time="0.003" classname="com.github.fge.jsonschema.keyword.validator.callback.CallbackValidatorTest"/>
  <testcase name="OkThenOkWorks" time="0.001" classname="com.github.fge.jsonschema.keyword.validator.callback.CallbackValidatorTest"/>
  <testcase name="OkThenOkWorks" time="0.003" classname="com.github.fge.jsonschema.keyword.validator.callback.CallbackValidatorTest"/>
  <testcase name="exceptionOnFirstProcessingWorks" time="0.002" classname="com.github.fge.jsonschema.keyword.validator.callback.CallbackValidatorTest"/>
  <testcase name="exceptionOnFirstProcessingWorks" time="0.001" classname="com.github.fge.jsonschema.keyword.validator.callback.CallbackValidatorTest"/>
  <testcase name="exceptionOnFirstProcessingWorks" time="0.001" classname="com.github.fge.jsonschema.keyword.validator.callback.CallbackValidatorTest"/>
  <testcase name="exceptionOnSecondProcessingWorks" time="0.002" classname="com.github.fge.jsonschema.keyword.validator.callback.CallbackValidatorTest"/>
  <testcase name="exceptionOnSecondProcessingWorks" time="0.008" classname="com.github.fge.jsonschema.keyword.validator.callback.CallbackValidatorTest"/>
  <testcase name="exceptionOnSecondProcessingWorks" time="0.013" classname="com.github.fge.jsonschema.keyword.validator.callback.CallbackValidatorTest"/>
  <testcase name="nonPresentKeywordDoesNotTriggerBuild" time="0.002" classname="com.github.fge.jsonschema.processors.digest.SchemaDigesterTest"/>
  <testcase name="onlyRelevantDigestsAreBuilt" time="0.0" classname="com.github.fge.jsonschema.processors.digest.SchemaDigesterTest"/>
  <testcase name="onlyRelevantDigestsAreBuilt" time="0.001" classname="com.github.fge.jsonschema.processors.digest.SchemaDigesterTest"/>
  <testcase name="onlyRelevantDigestsAreBuilt" time="0.002" classname="com.github.fge.jsonschema.processors.digest.SchemaDigesterTest"/>
  <testcase name="onlyRelevantDigestsAreBuilt" time="0.001" classname="com.github.fge.jsonschema.processors.digest.SchemaDigesterTest"/>
  <testcase name="onlyRelevantDigestsAreBuilt" time="0.001" classname="com.github.fge.jsonschema.processors.digest.SchemaDigesterTest"/>
  <testcase name="onlyRelevantDigestsAreBuilt" time="0.001" classname="com.github.fge.jsonschema.processors.digest.SchemaDigesterTest"/>
  <testcase name="onlyRelevantDigestsAreBuilt" time="0.001" classname="com.github.fge.jsonschema.processors.digest.SchemaDigesterTest"/>
  <testcase name="keywordExists" time="0.0" classname="com.github.fge.jsonschema.keyword.digest.AbstractDigesterTest"/>
  <testcase name="keywordExists" time="0.0" classname="com.github.fge.jsonschema.keyword.digest.AbstractDigesterTest"/>
  <testcase name="keywordExists" time="0.0" classname="com.github.fge.jsonschema.keyword.digest.AbstractDigesterTest"/>
  <testcase name="keywordExists" time="0.0" classname="com.github.fge.jsonschema.keyword.digest.AbstractDigesterTest"/>
  <testcase name="formatAttributeIsSupported" time="0.0" classname="com.github.fge.jsonschema.format.AbstractFormatAttributeTest"/>
  <testcase name="formatAttributeIsSupported" time="0.0" classname="com.github.fge.jsonschema.format.AbstractFormatAttributeTest"/>
  <testcase name="formatAttributeIsSupported" time="0.001" classname="com.github.fge.jsonschema.format.AbstractFormatAttributeTest"/>
  <testcase name="keywordExists" time="0.0" classname="com.github.fge.jsonschema.keyword.validator.AbstractKeywordValidatorTest"/>
  <testcase name="keywordExists" time="0.0" classname="com.github.fge.jsonschema.keyword.validator.AbstractKeywordValidatorTest"/>
  <testcase name="keywordExists" time="0.0" classname="com.github.fge.jsonschema.keyword.validator.AbstractKeywordValidatorTest"/>
  <testcase name="keywordExists" time="0.0" classname="com.github.fge.jsonschema.keyword.validator.AbstractKeywordValidatorTest"/>
  <testcase name="keywordExists" time="0.0" classname="com.github.fge.jsonschema.keyword.validator.callback.CallbackValidatorTest"/>
  <testcase name="attributeIsBeingAskedWhatIsSupports" time="0.0" classname="com.github.fge.jsonschema.processors.format.FormatProcessorTest"/>
  <testcase name="noFormatInSchemaIsANoOp" time="0.001" classname="com.github.fge.jsonschema.processors.format.FormatProcessorTest"/>
  <testcase name="unknownFormatAttributesAreReportedAsWarnings" time="0.001" classname="com.github.fge.jsonschema.processors.format.FormatProcessorTest"/>
  <testcase name="digestsAreCorrectlyComputed" time="0.0" classname="com.github.fge.jsonschema.keyword.digest.AbstractDigesterTest"/>
  <testcase name="digestsAreCorrectlyComputed" time="0.0" classname="com.github.fge.jsonschema.keyword.digest.AbstractDigesterTest"/>
  <testcase name="digestsAreCorrectlyComputed" time="0.0" classname="com.github.fge.jsonschema.keyword.digest.AbstractDigesterTest"/>
  <testcase name="digestsAreCorrectlyComputed" time="0.0" classname="com.github.fge.jsonschema.keyword.digest.AbstractDigesterTest"/>
  <testcase name="digestsAreCorrectlyComputed" time="0.0" classname="com.github.fge.jsonschema.keyword.digest.AbstractDigesterTest"/>
  <testcase name="digestsAreCorrectlyComputed" time="0.0" classname="com.github.fge.jsonschema.keyword.digest.AbstractDigesterTest"/>
  <testcase name="digestsAreCorrectlyComputed" time="0.0" classname="com.github.fge.jsonschema.keyword.digest.AbstractDigesterTest"/>
  <testcase name="digestsAreCorrectlyComputed" time="0.0" classname="com.github.fge.jsonschema.keyword.digest.AbstractDigesterTest"/>
  <testcase name="digestsAreCorrectlyComputed" time="0.0" classname="com.github.fge.jsonschema.keyword.digest.AbstractDigesterTest"/>
  <testcase name="digestsAreCorrectlyComputed" time="0.001" classname="com.github.fge.jsonschema.keyword.digest.AbstractDigesterTest"/>
  <testcase name="digestsAreCorrectlyComputed" time="0.0" classname="com.github.fge.jsonschema.keyword.digest.AbstractDigesterTest"/>
  <testcase name="digestsAreCorrectlyComputed" time="0.0" classname="com.github.fge.jsonschema.keyword.digest.AbstractDigesterTest"/>
  <testcase name="digestsAreCorrectlyComputed" time="0.0" classname="com.github.fge.jsonschema.keyword.digest.AbstractDigesterTest"/>
  <testcase name="digestsAreCorrectlyComputed" time="0.0" classname="com.github.fge.jsonschema.keyword.digest.AbstractDigesterTest"/>
  <testcase name="digestsAreCorrectlyComputed" time="0.0" classname="com.github.fge.jsonschema.keyword.digest.AbstractDigesterTest"/>
  <testcase name="digestsAreCorrectlyComputed" time="0.0" classname="com.github.fge.jsonschema.keyword.digest.AbstractDigesterTest"/>
  <testcase name="digestsAreCorrectlyComputed" time="0.0" classname="com.github.fge.jsonschema.keyword.digest.AbstractDigesterTest"/>
  <testcase name="digestsAreCorrectlyComputed" time="0.0" classname="com.github.fge.jsonschema.keyword.digest.AbstractDigesterTest"/>
  <testcase name="digestsAreCorrectlyComputed" time="0.0" classname="com.github.fge.jsonschema.keyword.digest.AbstractDigesterTest"/>
  <testcase name="digestsAreCorrectlyComputed" time="0.0" classname="com.github.fge.jsonschema.keyword.digest.AbstractDigesterTest"/>
  <testcase name="digestsAreCorrectlyComputed" time="0.0" classname="com.github.fge.jsonschema.keyword.digest.AbstractDigesterTest"/>
  <testcase name="digestsAreCorrectlyComputed" time="0.006" classname="com.github.fge.jsonschema.keyword.digest.AbstractDigesterTest"/>
  <testcase name="digestsAreCorrectlyComputed" time="0.0" classname="com.github.fge.jsonschema.keyword.digest.AbstractDigesterTest"/>
  <testcase name="digestsAreCorrectlyComputed" time="0.001" classname="com.github.fge.jsonschema.keyword.digest.AbstractDigesterTest"/>
  <testcase name="digestsAreCorrectlyComputed" time="0.0" classname="com.github.fge.jsonschema.keyword.digest.AbstractDigesterTest"/>
  <testcase name="digestsAreCorrectlyComputed" time="0.017" classname="com.github.fge.jsonschema.keyword.digest.AbstractDigesterTest"/>
  <testcase name="digestsAreCorrectlyComputed" time="0.001" classname="com.github.fge.jsonschema.keyword.digest.AbstractDigesterTest"/>
  <testcase name="digestsAreCorrectlyComputed" time="0.0" classname="com.github.fge.jsonschema.keyword.digest.AbstractDigesterTest"/>
  <testcase name="digestsAreCorrectlyComputed" time="0.0" classname="com.github.fge.jsonschema.keyword.digest.AbstractDigesterTest"/>
  <testcase name="digestsAreCorrectlyComputed" time="0.001" classname="com.github.fge.jsonschema.keyword.digest.AbstractDigesterTest"/>
  <testcase name="digestsAreCorrectlyComputed" time="0.0" classname="com.github.fge.jsonschema.keyword.digest.AbstractDigesterTest"/>
  <testcase name="digestsAreCorrectlyComputed" time="0.0" classname="com.github.fge.jsonschema.keyword.digest.AbstractDigesterTest"/>
  <testcase name="digestsAreCorrectlyComputed" time="0.0" classname="com.github.fge.jsonschema.keyword.digest.AbstractDigesterTest"/>
  <testcase name="digestsAreCorrectlyComputed" time="0.001" classname="com.github.fge.jsonschema.keyword.digest.AbstractDigesterTest"/>
  <testcase name="digestsAreCorrectlyComputed" time="0.0" classname="com.github.fge.jsonschema.keyword.digest.AbstractDigesterTest"/>
  <testcase name="digestsAreCorrectlyComputed" time="0.0" classname="com.github.fge.jsonschema.keyword.digest.AbstractDigesterTest"/>
  <testcase name="digestsAreCorrectlyComputed" time="0.0" classname="com.github.fge.jsonschema.keyword.digest.AbstractDigesterTest"/>
  <testcase name="digestsAreCorrectlyComputed" time="0.001" classname="com.github.fge.jsonschema.keyword.digest.AbstractDigesterTest"/>
  <testcase name="digestsAreCorrectlyComputed" time="0.001" classname="com.github.fge.jsonschema.keyword.digest.AbstractDigesterTest"/>
  <testcase name="digestsAreCorrectlyComputed" time="0.0" classname="com.github.fge.jsonschema.keyword.digest.AbstractDigesterTest"/>
  <testcase name="digestsAreCorrectlyComputed" time="0.0" classname="com.github.fge.jsonschema.keyword.digest.AbstractDigesterTest"/>
  <testcase name="digestsAreCorrectlyComputed" time="0.0" classname="com.github.fge.jsonschema.keyword.digest.AbstractDigesterTest"/>
  <testcase name="digestsAreCorrectlyComputed" time="0.002" classname="com.github.fge.jsonschema.keyword.digest.AbstractDigesterTest"/>
  <testcase name="digestsAreCorrectlyComputed" time="0.001" classname="com.github.fge.jsonschema.keyword.digest.AbstractDigesterTest"/>
  <testcase name="digestsAreCorrectlyComputed" time="0.0" classname="com.github.fge.jsonschema.keyword.digest.AbstractDigesterTest"/>
  <testcase name="digestsAreCorrectlyComputed" time="0.001" classname="com.github.fge.jsonschema.keyword.digest.AbstractDigesterTest"/>
  <testcase name="digestsAreCorrectlyComputed" time="0.0" classname="com.github.fge.jsonschema.keyword.digest.AbstractDigesterTest"/>
  <testcase name="digestsAreCorrectlyComputed" time="0.0" classname="com.github.fge.jsonschema.keyword.digest.AbstractDigesterTest"/>
  <testcase name="digestsAreCorrectlyComputed" time="0.0" classname="com.github.fge.jsonschema.keyword.digest.AbstractDigesterTest"/>
  <testcase name="digestsAreCorrectlyComputed" time="0.0" classname="com.github.fge.jsonschema.keyword.digest.AbstractDigesterTest"/>
  <testcase name="digestsAreCorrectlyComputed" time="0.0" classname="com.github.fge.jsonschema.keyword.digest.AbstractDigesterTest"/>
  <testcase name="digestsAreCorrectlyComputed" time="0.001" classname="com.github.fge.jsonschema.keyword.digest.AbstractDigesterTest"/>
  <testcase name="digestsAreCorrectlyComputed" time="0.0" classname="com.github.fge.jsonschema.keyword.digest.AbstractDigesterTest"/>
  <testcase name="digestsAreCorrectlyComputed" time="0.0" classname="com.github.fge.jsonschema.keyword.digest.AbstractDigesterTest"/>
  <testcase name="digestsAreCorrectlyComputed" time="0.0" classname="com.github.fge.jsonschema.keyword.digest.AbstractDigesterTest"/>
  <testcase name="digestsAreCorrectlyComputed" time="0.0" classname="com.github.fge.jsonschema.keyword.digest.AbstractDigesterTest"/>
  <testcase name="digestsAreCorrectlyComputed" time="0.0" classname="com.github.fge.jsonschema.keyword.digest.AbstractDigesterTest"/>
  <testcase name="instanceIsCorrectlyAnalyzed" time="0.003" classname="com.github.fge.jsonschema.format.AbstractFormatAttributeTest"/>
  <testcase name="instanceIsCorrectlyAnalyzed" time="0.001" classname="com.github.fge.jsonschema.format.AbstractFormatAttributeTest"/>
  <testcase name="instanceIsCorrectlyAnalyzed" time="0.001" classname="com.github.fge.jsonschema.format.AbstractFormatAttributeTest"/>
  <testcase name="instanceIsCorrectlyAnalyzed" time="0.001" classname="com.github.fge.jsonschema.format.AbstractFormatAttributeTest"/>
  <testcase name="instanceIsCorrectlyAnalyzed" time="0.002" classname="com.github.fge.jsonschema.format.AbstractFormatAttributeTest"/>
  <testcase name="instanceIsCorrectlyAnalyzed" time="0.001" classname="com.github.fge.jsonschema.format.AbstractFormatAttributeTest"/>
  <testcase name="instanceIsCorrectlyAnalyzed" time="0.0" classname="com.github.fge.jsonschema.format.AbstractFormatAttributeTest"/>
  <testcase name="instanceIsCorrectlyAnalyzed" time="0.001" classname="com.github.fge.jsonschema.format.AbstractFormatAttributeTest"/>
  <testcase name="instanceIsCorrectlyAnalyzed" time="0.0" classname="com.github.fge.jsonschema.format.AbstractFormatAttributeTest"/>
  <testcase name="instanceIsCorrectlyAnalyzed" time="0.001" classname="com.github.fge.jsonschema.format.AbstractFormatAttributeTest"/>
  <testcase name="instanceIsCorrectlyAnalyzed" time="0.001" classname="com.github.fge.jsonschema.format.AbstractFormatAttributeTest"/>
  <testcase name="instanceIsCorrectlyAnalyzed" time="0.0" classname="com.github.fge.jsonschema.format.AbstractFormatAttributeTest"/>
  <testcase name="instancesAreValidatedCorrectly" time="0.0" classname="com.github.fge.jsonschema.keyword.validator.AbstractKeywordValidatorTest"/>
  <testcase name="instancesAreValidatedCorrectly" time="0.003" classname="com.github.fge.jsonschema.keyword.validator.AbstractKeywordValidatorTest"/>
  <testcase name="instancesAreValidatedCorrectly" time="0.001" classname="com.github.fge.jsonschema.keyword.validator.AbstractKeywordValidatorTest"/>
  <testcase name="instancesAreValidatedCorrectly" time="0.001" classname="com.github.fge.jsonschema.keyword.validator.AbstractKeywordValidatorTest"/>
  <testcase name="instancesAreValidatedCorrectly" time="0.001" classname="com.github.fge.jsonschema.keyword.validator.AbstractKeywordValidatorTest"/>
  <testcase name="instancesAreValidatedCorrectly" time="0.001" classname="com.github.fge.jsonschema.keyword.validator.AbstractKeywordValidatorTest"/>
  <testcase name="instancesAreValidatedCorrectly" time="0.0" classname="com.github.fge.jsonschema.keyword.validator.AbstractKeywordValidatorTest"/>
  <testcase name="instancesAreValidatedCorrectly" time="0.001" classname="com.github.fge.jsonschema.keyword.validator.AbstractKeywordValidatorTest"/>
  <testcase name="instancesAreValidatedCorrectly" time="0.0" classname="com.github.fge.jsonschema.keyword.validator.AbstractKeywordValidatorTest"/>
  <testcase name="instancesAreValidatedCorrectly" time="0.001" classname="com.github.fge.jsonschema.keyword.validator.AbstractKeywordValidatorTest"/>
  <testcase name="instancesAreValidatedCorrectly" time="0.0" classname="com.github.fge.jsonschema.keyword.validator.AbstractKeywordValidatorTest"/>
  <testcase name="instancesAreValidatedCorrectly" time="0.0" classname="com.github.fge.jsonschema.keyword.validator.AbstractKeywordValidatorTest"/>
  <testcase name="instancesAreValidatedCorrectly" time="0.001" classname="com.github.fge.jsonschema.keyword.validator.AbstractKeywordValidatorTest"/>
  <testcase name="instancesAreValidatedCorrectly" time="0.002" classname="com.github.fge.jsonschema.keyword.validator.AbstractKeywordValidatorTest"/>
  <testcase name="instancesAreValidatedCorrectly" time="0.001" classname="com.github.fge.jsonschema.keyword.validator.AbstractKeywordValidatorTest"/>
  <testcase name="instancesAreValidatedCorrectly" time="0.001" classname="com.github.fge.jsonschema.keyword.validator.AbstractKeywordValidatorTest"/>
  <testcase name="KoThenKoWorks" time="0.001" classname="com.github.fge.jsonschema.keyword.validator.callback.CallbackValidatorTest"/>
  <testcase name="OkThenKoWorks" time="0.0" classname="com.github.fge.jsonschema.keyword.validator.callback.CallbackValidatorTest"/>
  <testcase name="OkThenOkWorks" time="0.001" classname="com.github.fge.jsonschema.keyword.validator.callback.CallbackValidatorTest"/>
  <testcase name="exceptionOnFirstProcessingWorks" time="0.001" classname="com.github.fge.jsonschema.keyword.validator.callback.CallbackValidatorTest"/>
  <testcase name="exceptionOnSecondProcessingWorks" time="0.0" classname="com.github.fge.jsonschema.keyword.validator.callback.CallbackValidatorTest"/>
  <testcase name="supportedNodeTypesTriggerAttributeBuild" time="0.0" classname="com.github.fge.jsonschema.processors.format.FormatProcessorTest"/>
  <testcase name="supportedNodeTypesTriggerAttributeBuild" time="0.0" classname="com.github.fge.jsonschema.processors.format.FormatProcessorTest"/>
  <testcase name="supportedNodeTypesTriggerAttributeBuild" time="0.0" classname="com.github.fge.jsonschema.processors.format.FormatProcessorTest"/>
  <testcase name="unsupportedTypeDoesNotTriggerValidatorBuild" time="0.0" classname="com.github.fge.jsonschema.processors.format.FormatProcessorTest"/>
  <testcase name="unsupportedTypeDoesNotTriggerValidatorBuild" time="0.0" classname="com.github.fge.jsonschema.processors.format.FormatProcessorTest"/>
  <testcase name="unsupportedTypeDoesNotTriggerValidatorBuild" time="0.0" classname="com.github.fge.jsonschema.processors.format.FormatProcessorTest"/>
  <testcase name="unsupportedTypeDoesNotTriggerValidatorBuild" time="0.0" classname="com.github.fge.jsonschema.processors.format.FormatProcessorTest"/>
  <testcase name="keywordExists" time="0.0" classname="com.github.fge.jsonschema.keyword.digest.AbstractDigesterTest"/>
  <testcase name="keywordExists" time="0.001" classname="com.github.fge.jsonschema.keyword.digest.AbstractDigesterTest"/>
  <testcase name="keywordExists" time="0.0" classname="com.github.fge.jsonschema.keyword.digest.AbstractDigesterTest"/>
  <testcase name="formatAttributeIsSupported" time="0.0" classname="com.github.fge.jsonschema.format.AbstractFormatAttributeTest"/>
  <testcase name="formatAttributeIsSupported" time="0.0" classname="com.github.fge.jsonschema.format.AbstractFormatAttributeTest"/>
  <testcase name="formatAttributeIsSupported" time="0.0" classname="com.github.fge.jsonschema.format.AbstractFormatAttributeTest"/>
  <testcase name="keywordExists" time="0.0" classname="com.github.fge.jsonschema.keyword.validator.AbstractKeywordValidatorTest"/>
  <testcase name="keywordExists" time="0.001" classname="com.github.fge.jsonschema.keyword.validator.AbstractKeywordValidatorTest"/>
  <testcase name="keywordExists" time="0.0" classname="com.github.fge.jsonschema.keyword.validator.AbstractKeywordValidatorTest"/>
  <testcase name="keywordExists" time="0.0" classname="com.github.fge.jsonschema.keyword.validator.AbstractKeywordValidatorTest"/>
  <testcase name="digestsAreCorrectlyComputed" time="0.001" classname="com.github.fge.jsonschema.processors.validation.ArraySchemaDigesterTest"/>
  <testcase name="digestsAreCorrectlyComputed" time="0.0" classname="com.github.fge.jsonschema.processors.validation.ArraySchemaDigesterTest"/>
  <testcase name="digestsAreCorrectlyComputed" time="0.0" classname="com.github.fge.jsonschema.processors.validation.ArraySchemaDigesterTest"/>
  <testcase name="digestsAreCorrectlyComputed" time="0.0" classname="com.github.fge.jsonschema.processors.validation.ArraySchemaDigesterTest"/>
  <testcase name="digestsAreCorrectlyComputed" time="0.0" classname="com.github.fge.jsonschema.processors.validation.ArraySchemaDigesterTest"/>
  <testcase name="digestsAreCorrectlyComputed" time="0.0" classname="com.github.fge.jsonschema.processors.validation.ArraySchemaDigesterTest"/>
  <testcase name="digestsAreCorrectlyComputed" time="0.0" classname="com.github.fge.jsonschema.processors.validation.ArraySchemaDigesterTest"/>
  <testcase name="digestsAreCorrectlyComputed" time="0.0" classname="com.github.fge.jsonschema.processors.validation.ArraySchemaDigesterTest"/>
  <testcase name="digestsAreCorrectlyComputed" time="0.0" classname="com.github.fge.jsonschema.processors.validation.ArraySchemaDigesterTest"/>
  <testcase name="digestsAreCorrectlyComputed" time="0.0" classname="com.github.fge.jsonschema.processors.validation.ArraySchemaDigesterTest"/>
  <testcase name="digestsAreCorrectlyComputed" time="0.0" classname="com.github.fge.jsonschema.processors.validation.ArraySchemaDigesterTest"/>
  <testcase name="digestsAreCorrectlyComputed" time="0.001" classname="com.github.fge.jsonschema.processors.validation.ArraySchemaDigesterTest"/>
  <testcase name="digestsAreCorrectlyComputed" time="0.0" classname="com.github.fge.jsonschema.processors.validation.ArraySchemaDigesterTest"/>
  <testcase name="digestsAreCorrectlyComputed" time="0.0" classname="com.github.fge.jsonschema.processors.validation.ArraySchemaDigesterTest"/>
  <testcase name="digestsAreCorrectlyComputed" time="0.0" classname="com.github.fge.jsonschema.processors.validation.ArraySchemaDigesterTest"/>
  <testcase name="keywordExists" time="0.0" classname="com.github.fge.jsonschema.keyword.validator.callback.CallbackValidatorTest"/>
  <testcase name="digestsAreCorrectlyComputed" time="0.0" classname="com.github.fge.jsonschema.keyword.digest.AbstractDigesterTest"/>
  <testcase name="digestsAreCorrectlyComputed" time="0.0" classname="com.github.fge.jsonschema.keyword.digest.AbstractDigesterTest"/>
  <testcase name="digestsAreCorrectlyComputed" time="0.0" classname="com.github.fge.jsonschema.keyword.digest.AbstractDigesterTest"/>
  <testcase name="digestsAreCorrectlyComputed" time="0.0" classname="com.github.fge.jsonschema.keyword.digest.AbstractDigesterTest"/>
  <testcase name="digestsAreCorrectlyComputed" time="0.0" classname="com.github.fge.jsonschema.keyword.digest.AbstractDigesterTest"/>
  <testcase name="digestsAreCorrectlyComputed" time="0.001" classname="com.github.fge.jsonschema.keyword.digest.AbstractDigesterTest"/>
  <testcase name="digestsAreCorrectlyComputed" time="0.0" classname="com.github.fge.jsonschema.keyword.digest.AbstractDigesterTest"/>
  <testcase name="digestsAreCorrectlyComputed" time="0.0" classname="com.github.fge.jsonschema.keyword.digest.AbstractDigesterTest"/>
  <testcase name="digestsAreCorrectlyComputed" time="0.0" classname="com.github.fge.jsonschema.keyword.digest.AbstractDigesterTest"/>
  <testcase name="digestsAreCorrectlyComputed" time="0.0" classname="com.github.fge.jsonschema.keyword.digest.AbstractDigesterTest"/>
  <testcase name="instanceIsCorrectlyAnalyzed" time="0.001" classname="com.github.fge.jsonschema.format.AbstractFormatAttributeTest"/>
  <testcase name="instanceIsCorrectlyAnalyzed" time="0.001" classname="com.github.fge.jsonschema.format.AbstractFormatAttributeTest"/>
  <testcase name="instanceIsCorrectlyAnalyzed" time="0.001" classname="com.github.fge.jsonschema.format.AbstractFormatAttributeTest"/>
  <testcase name="instanceIsCorrectlyAnalyzed" time="0.0" classname="com.github.fge.jsonschema.format.AbstractFormatAttributeTest"/>
  <testcase name="instanceIsCorrectlyAnalyzed" time="0.104" classname="com.github.fge.jsonschema.format.AbstractFormatAttributeTest"/>
  <testcase name="instanceIsCorrectlyAnalyzed" time="0.001" classname="com.github.fge.jsonschema.format.AbstractFormatAttributeTest"/>
  <testcase name="instanceIsCorrectlyAnalyzed" time="0.001" classname="com.github.fge.jsonschema.format.AbstractFormatAttributeTest"/>
  <testcase name="instanceIsCorrectlyAnalyzed" time="0.002" classname="com.github.fge.jsonschema.format.AbstractFormatAttributeTest"/>
  <testcase name="instanceIsCorrectlyAnalyzed" time="0.0" classname="com.github.fge.jsonschema.format.AbstractFormatAttributeTest"/>
  <testcase name="instanceIsCorrectlyAnalyzed" time="0.001" classname="com.github.fge.jsonschema.format.AbstractFormatAttributeTest"/>
  <testcase name="instanceIsCorrectlyAnalyzed" time="0.001" classname="com.github.fge.jsonschema.format.AbstractFormatAttributeTest"/>
  <testcase name="instanceIsCorrectlyAnalyzed" time="0.0" classname="com.github.fge.jsonschema.format.AbstractFormatAttributeTest"/>
  <testcase name="instanceIsCorrectlyAnalyzed" time="0.0" classname="com.github.fge.jsonschema.format.AbstractFormatAttributeTest"/>
  <testcase name="instanceIsCorrectlyAnalyzed" time="0.001" classname="com.github.fge.jsonschema.format.AbstractFormatAttributeTest"/>
  <testcase name="instanceIsCorrectlyAnalyzed" time="0.001" classname="com.github.fge.jsonschema.format.AbstractFormatAttributeTest"/>
  <testcase name="instancesAreValidatedCorrectly" time="0.001" classname="com.github.fge.jsonschema.keyword.validator.AbstractKeywordValidatorTest"/>
  <testcase name="instancesAreValidatedCorrectly" time="0.001" classname="com.github.fge.jsonschema.keyword.validator.AbstractKeywordValidatorTest"/>
  <testcase name="instancesAreValidatedCorrectly" time="0.254" classname="com.github.fge.jsonschema.keyword.validator.AbstractKeywordValidatorTest"/>
  <testcase name="instancesAreValidatedCorrectly" time="0.001" classname="com.github.fge.jsonschema.keyword.validator.AbstractKeywordValidatorTest"/>
  <testcase name="instancesAreValidatedCorrectly" time="0.0" classname="com.github.fge.jsonschema.keyword.validator.AbstractKeywordValidatorTest"/>
  <testcase name="instancesAreValidatedCorrectly" time="0.002" classname="com.github.fge.jsonschema.keyword.validator.AbstractKeywordValidatorTest"/>
  <testcase name="instancesAreValidatedCorrectly" time="0.0" classname="com.github.fge.jsonschema.keyword.validator.AbstractKeywordValidatorTest"/>
  <testcase name="instancesAreValidatedCorrectly" time="0.0" classname="com.github.fge.jsonschema.keyword.validator.AbstractKeywordValidatorTest"/>
  <testcase name="instancesAreValidatedCorrectly" time="0.0" classname="com.github.fge.jsonschema.keyword.validator.AbstractKeywordValidatorTest"/>
  <testcase name="instancesAreValidatedCorrectly" time="0.001" classname="com.github.fge.jsonschema.keyword.validator.AbstractKeywordValidatorTest"/>
  <testcase name="instancesAreValidatedCorrectly" time="0.0" classname="com.github.fge.jsonschema.keyword.validator.AbstractKeywordValidatorTest"/>
  <testcase name="instancesAreValidatedCorrectly" time="0.001" classname="com.github.fge.jsonschema.keyword.validator.AbstractKeywordValidatorTest"/>
  <testcase name="instancesAreValidatedCorrectly" time="0.001" classname="com.github.fge.jsonschema.keyword.validator.AbstractKeywordValidatorTest"/>
  <testcase name="instancesAreValidatedCorrectly" time="0.002" classname="com.github.fge.jsonschema.keyword.validator.AbstractKeywordValidatorTest"/>
  <testcase name="instancesAreValidatedCorrectly" time="0.001" classname="com.github.fge.jsonschema.keyword.validator.AbstractKeywordValidatorTest"/>
  <testcase name="instancesAreValidatedCorrectly" time="0.001" classname="com.github.fge.jsonschema.keyword.validator.AbstractKeywordValidatorTest"/>
  <testcase name="instancesAreValidatedCorrectly" time="0.001" classname="com.github.fge.jsonschema.keyword.validator.AbstractKeywordValidatorTest"/>
  <testcase name="schemaPointersAreCorrectlyComputed" time="0.003" classname="com.github.fge.jsonschema.processors.validation.ArraySchemaSelectorTest"/>
  <testcase name="schemaPointersAreCorrectlyComputed" time="0.0" classname="com.github.fge.jsonschema.processors.validation.ArraySchemaSelectorTest"/>
  <testcase name="schemaPointersAreCorrectlyComputed" time="0.0" classname="com.github.fge.jsonschema.processors.validation.ArraySchemaSelectorTest"/>
  <testcase name="schemaPointersAreCorrectlyComputed" time="0.0" classname="com.github.fge.jsonschema.processors.validation.ArraySchemaSelectorTest"/>
  <testcase name="schemaPointersAreCorrectlyComputed" time="0.0" classname="com.github.fge.jsonschema.processors.validation.ArraySchemaSelectorTest"/>
  <testcase name="schemaPointersAreCorrectlyComputed" time="0.0" classname="com.github.fge.jsonschema.processors.validation.ArraySchemaSelectorTest"/>
  <testcase name="schemaPointersAreCorrectlyComputed" time="0.0" classname="com.github.fge.jsonschema.processors.validation.ArraySchemaSelectorTest"/>
  <testcase name="schemaPointersAreCorrectlyComputed" time="0.0" classname="com.github.fge.jsonschema.processors.validation.ArraySchemaSelectorTest"/>
  <testcase name="schemaPointersAreCorrectlyComputed" time="0.0" classname="com.github.fge.jsonschema.processors.validation.ArraySchemaSelectorTest"/>
  <testcase name="KoThenKoWorks" time="0.002" classname="com.github.fge.jsonschema.keyword.validator.callback.CallbackValidatorTest"/>
  <testcase name="OkThenKoWorks" time="0.001" classname="com.github.fge.jsonschema.keyword.validator.callback.CallbackValidatorTest"/>
  <testcase name="OkThenOkWorks" time="0.003" classname="com.github.fge.jsonschema.keyword.validator.callback.CallbackValidatorTest"/>
  <testcase name="exceptionOnFirstProcessingWorks" time="0.0" classname="com.github.fge.jsonschema.keyword.validator.callback.CallbackValidatorTest"/>
  <testcase name="exceptionOnSecondProcessingWorks" time="0.001" classname="com.github.fge.jsonschema.keyword.validator.callback.CallbackValidatorTest"/>
  <testcase name="keywordExists" time="0.0" classname="com.github.fge.jsonschema.keyword.digest.AbstractDigesterTest"/>
  <testcase name="keywordExists" time="0.0" classname="com.github.fge.jsonschema.keyword.digest.AbstractDigesterTest"/>
  <testcase name="keywordExists" time="0.0" classname="com.github.fge.jsonschema.keyword.digest.AbstractDigesterTest"/>
  <testcase name="formatAttributeIsSupported" time="0.001" classname="com.github.fge.jsonschema.format.AbstractFormatAttributeTest"/>
  <testcase name="formatAttributeIsSupported" time="0.001" classname="com.github.fge.jsonschema.format.AbstractFormatAttributeTest"/>
  <testcase name="keywordExists" time="0.0" classname="com.github.fge.jsonschema.keyword.validator.AbstractKeywordValidatorTest"/>
  <testcase name="keywordExists" time="0.0" classname="com.github.fge.jsonschema.keyword.validator.AbstractKeywordValidatorTest"/>
  <testcase name="keywordExists" time="0.001" classname="com.github.fge.jsonschema.keyword.validator.callback.CallbackValidatorTest"/>
  <testcase name="digestsAreCorrectlyComputed" time="0.0" classname="com.github.fge.jsonschema.processors.validation.ObjectSchemaDigesterTest"/>
  <testcase name="digestsAreCorrectlyComputed" time="0.0" classname="com.github.fge.jsonschema.processors.validation.ObjectSchemaDigesterTest"/>
  <testcase name="digestsAreCorrectlyComputed" time="0.0" classname="com.github.fge.jsonschema.processors.validation.ObjectSchemaDigesterTest"/>
  <testcase name="digestsAreCorrectlyComputed" time="0.0" classname="com.github.fge.jsonschema.processors.validation.ObjectSchemaDigesterTest"/>
  <testcase name="digestsAreCorrectlyComputed" time="0.0" classname="com.github.fge.jsonschema.processors.validation.ObjectSchemaDigesterTest"/>
  <testcase name="digestsAreCorrectlyComputed" time="0.001" classname="com.github.fge.jsonschema.processors.validation.ObjectSchemaDigesterTest"/>
  <testcase name="digestsAreCorrectlyComputed" time="0.0" classname="com.github.fge.jsonschema.processors.validation.ObjectSchemaDigesterTest"/>
  <testcase name="digestsAreCorrectlyComputed" time="0.0" classname="com.github.fge.jsonschema.processors.validation.ObjectSchemaDigesterTest"/>
  <testcase name="digestsAreCorrectlyComputed" time="0.002" classname="com.github.fge.jsonschema.processors.validation.ObjectSchemaDigesterTest"/>
  <testcase name="digestsAreCorrectlyComputed" time="0.0" classname="com.github.fge.jsonschema.processors.validation.ObjectSchemaDigesterTest"/>
  <testcase name="digestsAreCorrectlyComputed" time="0.002" classname="com.github.fge.jsonschema.processors.validation.ObjectSchemaDigesterTest"/>
  <testcase name="digestsAreCorrectlyComputed" time="0.001" classname="com.github.fge.jsonschema.processors.validation.ObjectSchemaDigesterTest"/>
  <testcase name="digestsAreCorrectlyComputed" time="0.0" classname="com.github.fge.jsonschema.processors.validation.ObjectSchemaDigesterTest"/>
  <testcase name="digestsAreCorrectlyComputed" time="0.0" classname="com.github.fge.jsonschema.processors.validation.ObjectSchemaDigesterTest"/>
  <testcase name="digestsAreCorrectlyComputed" time="0.0" classname="com.github.fge.jsonschema.processors.validation.ObjectSchemaDigesterTest"/>
  <testcase name="digestsAreCorrectlyComputed" time="0.001" classname="com.github.fge.jsonschema.processors.validation.ObjectSchemaDigesterTest"/>
  <testcase name="digestsAreCorrectlyComputed" time="0.0" classname="com.github.fge.jsonschema.processors.validation.ObjectSchemaDigesterTest"/>
  <testcase name="digestsAreCorrectlyComputed" time="0.0" classname="com.github.fge.jsonschema.processors.validation.ObjectSchemaDigesterTest"/>
  <testcase name="digestsAreCorrectlyComputed" time="0.0" classname="com.github.fge.jsonschema.processors.validation.ObjectSchemaDigesterTest"/>
  <testcase name="digestsAreCorrectlyComputed" time="0.001" classname="com.github.fge.jsonschema.processors.validation.ObjectSchemaDigesterTest"/>
  <testcase name="digestsAreCorrectlyComputed" time="0.0" classname="com.github.fge.jsonschema.processors.validation.ObjectSchemaDigesterTest"/>
  <testcase name="digestsAreCorrectlyComputed" time="0.0" classname="com.github.fge.jsonschema.processors.validation.ObjectSchemaDigesterTest"/>
  <testcase name="digestsAreCorrectlyComputed" time="0.0" classname="com.github.fge.jsonschema.processors.validation.ObjectSchemaDigesterTest"/>
  <testcase name="digestsAreCorrectlyComputed" time="0.0" classname="com.github.fge.jsonschema.processors.validation.ObjectSchemaDigesterTest"/>
  <testcase name="digestsAreCorrectlyComputed" time="0.001" classname="com.github.fge.jsonschema.keyword.digest.AbstractDigesterTest"/>
  <testcase name="digestsAreCorrectlyComputed" time="0.0" classname="com.github.fge.jsonschema.keyword.digest.AbstractDigesterTest"/>
  <testcase name="digestsAreCorrectlyComputed" time="0.0" classname="com.github.fge.jsonschema.keyword.digest.AbstractDigesterTest"/>
  <testcase name="digestsAreCorrectlyComputed" time="0.0" classname="com.github.fge.jsonschema.keyword.digest.AbstractDigesterTest"/>
  <testcase name="digestsAreCorrectlyComputed" time="0.0" classname="com.github.fge.jsonschema.keyword.digest.AbstractDigesterTest"/>
  <testcase name="digestsAreCorrectlyComputed" time="0.0" classname="com.github.fge.jsonschema.keyword.digest.AbstractDigesterTest"/>
  <testcase name="digestsAreCorrectlyComputed" time="0.0" classname="com.github.fge.jsonschema.keyword.digest.AbstractDigesterTest"/>
  <testcase name="digestsAreCorrectlyComputed" time="0.0" classname="com.github.fge.jsonschema.keyword.digest.AbstractDigesterTest"/>
  <testcase name="digestsAreCorrectlyComputed" time="0.0" classname="com.github.fge.jsonschema.keyword.digest.AbstractDigesterTest"/>
  <testcase name="digestsAreCorrectlyComputed" time="0.0" classname="com.github.fge.jsonschema.keyword.digest.AbstractDigesterTest"/>
  <testcase name="digestsAreCorrectlyComputed" time="0.0" classname="com.github.fge.jsonschema.keyword.digest.AbstractDigesterTest"/>
  <testcase name="digestsAreCorrectlyComputed" time="0.0" classname="com.github.fge.jsonschema.keyword.digest.AbstractDigesterTest"/>
  <testcase name="digestsAreCorrectlyComputed" time="0.001" classname="com.github.fge.jsonschema.keyword.digest.AbstractDigesterTest"/>
  <testcase name="digestsAreCorrectlyComputed" time="0.0" classname="com.github.fge.jsonschema.keyword.digest.AbstractDigesterTest"/>
  <testcase name="instanceIsCorrectlyAnalyzed" time="0.006" classname="com.github.fge.jsonschema.format.AbstractFormatAttributeTest"/>
  <testcase name="instanceIsCorrectlyAnalyzed" time="0.032" classname="com.github.fge.jsonschema.format.AbstractFormatAttributeTest"/>
  <testcase name="instanceIsCorrectlyAnalyzed" time="0.001" classname="com.github.fge.jsonschema.format.AbstractFormatAttributeTest"/>
  <testcase name="instanceIsCorrectlyAnalyzed" time="0.0" classname="com.github.fge.jsonschema.format.AbstractFormatAttributeTest"/>
  <testcase name="instanceIsCorrectlyAnalyzed" time="0.001" classname="com.github.fge.jsonschema.format.AbstractFormatAttributeTest"/>
  <testcase name="instanceIsCorrectlyAnalyzed" time="0.001" classname="com.github.fge.jsonschema.format.AbstractFormatAttributeTest"/>
  <testcase name="instanceIsCorrectlyAnalyzed" time="0.001" classname="com.github.fge.jsonschema.format.AbstractFormatAttributeTest"/>
  <testcase name="instanceIsCorrectlyAnalyzed" time="0.0" classname="com.github.fge.jsonschema.format.AbstractFormatAttributeTest"/>
  <testcase name="instanceIsCorrectlyAnalyzed" time="0.002" classname="com.github.fge.jsonschema.format.AbstractFormatAttributeTest"/>
  <testcase name="instanceIsCorrectlyAnalyzed" time="0.001" classname="com.github.fge.jsonschema.format.AbstractFormatAttributeTest"/>
  <testcase name="instanceIsCorrectlyAnalyzed" time="0.001" classname="com.github.fge.jsonschema.format.AbstractFormatAttributeTest"/>
  <testcase name="instanceIsCorrectlyAnalyzed" time="0.002" classname="com.github.fge.jsonschema.format.AbstractFormatAttributeTest"/>
  <testcase name="instancesAreValidatedCorrectly" time="0.002" classname="com.github.fge.jsonschema.keyword.validator.AbstractKeywordValidatorTest"/>
  <testcase name="instancesAreValidatedCorrectly" time="0.0" classname="com.github.fge.jsonschema.keyword.validator.AbstractKeywordValidatorTest"/>
  <testcase name="instancesAreValidatedCorrectly" time="0.0" classname="com.github.fge.jsonschema.keyword.validator.AbstractKeywordValidatorTest"/>
  <testcase name="instancesAreValidatedCorrectly" time="0.0" classname="com.github.fge.jsonschema.keyword.validator.AbstractKeywordValidatorTest"/>
  <testcase name="instancesAreValidatedCorrectly" time="0.001" classname="com.github.fge.jsonschema.keyword.validator.AbstractKeywordValidatorTest"/>
  <testcase name="instancesAreValidatedCorrectly" time="0.0" classname="com.github.fge.jsonschema.keyword.validator.AbstractKeywordValidatorTest"/>
  <testcase name="instancesAreValidatedCorrectly" time="0.001" classname="com.github.fge.jsonschema.keyword.validator.AbstractKeywordValidatorTest"/>
  <testcase name="instancesAreValidatedCorrectly" time="0.001" classname="com.github.fge.jsonschema.keyword.validator.AbstractKeywordValidatorTest"/>
  <testcase name="KoThenKoWorks" time="0.001" classname="com.github.fge.jsonschema.keyword.validator.callback.CallbackValidatorTest"/>
  <testcase name="OkThenKoWorks" time="0.001" classname="com.github.fge.jsonschema.keyword.validator.callback.CallbackValidatorTest"/>
  <testcase name="OkThenOkWorks" time="0.003" classname="com.github.fge.jsonschema.keyword.validator.callback.CallbackValidatorTest"/>
  <testcase name="exceptionOnFirstProcessingWorks" time="0.001" classname="com.github.fge.jsonschema.keyword.validator.callback.CallbackValidatorTest"/>
  <testcase name="exceptionOnSecondProcessingWorks" time="0.001" classname="com.github.fge.jsonschema.keyword.validator.callback.CallbackValidatorTest"/>
  <testcase name="schemaPointersAreCorrectlyComputed" time="0.001" classname="com.github.fge.jsonschema.processors.validation.ObjectSchemaSelectorTest"/>
  <testcase name="schemaPointersAreCorrectlyComputed" time="0.0" classname="com.github.fge.jsonschema.processors.validation.ObjectSchemaSelectorTest"/>
  <testcase name="schemaPointersAreCorrectlyComputed" time="0.0" classname="com.github.fge.jsonschema.processors.validation.ObjectSchemaSelectorTest"/>
  <testcase name="schemaPointersAreCorrectlyComputed" time="0.0" classname="com.github.fge.jsonschema.processors.validation.ObjectSchemaSelectorTest"/>
  <testcase name="schemaPointersAreCorrectlyComputed" time="0.001" classname="com.github.fge.jsonschema.processors.validation.ObjectSchemaSelectorTest"/>
  <testcase name="schemaPointersAreCorrectlyComputed" time="0.0" classname="com.github.fge.jsonschema.processors.validation.ObjectSchemaSelectorTest"/>
  <testcase name="schemaPointersAreCorrectlyComputed" time="0.0" classname="com.github.fge.jsonschema.processors.validation.ObjectSchemaSelectorTest"/>
  <testcase name="schemaPointersAreCorrectlyComputed" time="0.001" classname="com.github.fge.jsonschema.processors.validation.ObjectSchemaSelectorTest"/>
  <testcase name="schemaPointersAreCorrectlyComputed" time="0.0" classname="com.github.fge.jsonschema.processors.validation.ObjectSchemaSelectorTest"/>
  <testcase name="schemaPointersAreCorrectlyComputed" time="0.0" classname="com.github.fge.jsonschema.processors.validation.ObjectSchemaSelectorTest"/>
  <testcase name="keywordExists" time="0.0" classname="com.github.fge.jsonschema.keyword.digest.AbstractDigesterTest"/>
  <testcase name="keywordExists" time="0.0" classname="com.github.fge.jsonschema.keyword.digest.AbstractDigesterTest"/>
  <testcase name="keywordExists" time="0.0" classname="com.github.fge.jsonschema.keyword.digest.AbstractDigesterTest"/>
  <testcase name="formatAttributeIsSupported" time="0.0" classname="com.github.fge.jsonschema.format.AbstractFormatAttributeTest"/>
  <testcase name="formatAttributeIsSupported" time="0.0" classname="com.github.fge.jsonschema.format.AbstractFormatAttributeTest"/>
  <testcase name="keywordExists" time="0.0" classname="com.github.fge.jsonschema.keyword.validator.AbstractKeywordValidatorTest"/>
  <testcase name="keywordExists" time="0.0" classname="com.github.fge.jsonschema.keyword.validator.AbstractKeywordValidatorTest"/>
  <testcase name="keywordExists" time="0.0" classname="com.github.fge.jsonschema.keyword.validator.callback.CallbackValidatorTest"/>
  <testcase name="retestAttribute" time="0.0" classname="com.github.fge.jsonschema.format.draftv3.UTCMillisecTest"/>
  <testcase name="childrenAreExploredOnDemandEvenIfContainerFails" time="0.003" classname="com.github.fge.jsonschema.processors.validation.ValidationProcessorTest"/>
  <testcase name="childrenAreNotExploredByDefaultIfContainerFails" time="0.002" classname="com.github.fge.jsonschema.processors.validation.ValidationProcessorTest"/>
  <testcase name="circularReferencingDuringValidationIsDetected" time="0.01" classname="com.github.fge.jsonschema.processors.validation.ValidationProcessorTest"/>
  <testcase name="enteringSamePointerWithDifferentPathsDoesNotThrowException" time="0.006" classname="com.github.fge.jsonschema.processors.validation.ValidationProcessorTest"/>
  <testcase name="digestsAreCorrectlyComputed" time="0.001" classname="com.github.fge.jsonschema.keyword.digest.AbstractDigesterTest"/>
  <testcase name="digestsAreCorrectlyComputed" time="0.001" classname="com.github.fge.jsonschema.keyword.digest.AbstractDigesterTest"/>
  <testcase name="digestsAreCorrectlyComputed" time="0.001" classname="com.github.fge.jsonschema.keyword.digest.AbstractDigesterTest"/>
  <testcase name="digestsAreCorrectlyComputed" time="0.0" classname="com.github.fge.jsonschema.keyword.digest.AbstractDigesterTest"/>
  <testcase name="digestsAreCorrectlyComputed" time="0.001" classname="com.github.fge.jsonschema.keyword.digest.AbstractDigesterTest"/>
  <testcase name="digestsAreCorrectlyComputed" time="0.0" classname="com.github.fge.jsonschema.keyword.digest.AbstractDigesterTest"/>
  <testcase name="digestsAreCorrectlyComputed" time="0.001" classname="com.github.fge.jsonschema.keyword.digest.AbstractDigesterTest"/>
  <testcase name="digestsAreCorrectlyComputed" time="0.0" classname="com.github.fge.jsonschema.keyword.digest.AbstractDigesterTest"/>
  <testcase name="digestsAreCorrectlyComputed" time="0.0" classname="com.github.fge.jsonschema.keyword.digest.AbstractDigesterTest"/>
  <testcase name="digestsAreCorrectlyComputed" time="0.0" classname="com.github.fge.jsonschema.keyword.digest.AbstractDigesterTest"/>
  <testcase name="digestsAreCorrectlyComputed" time="0.0" classname="com.github.fge.jsonschema.keyword.digest.AbstractDigesterTest"/>
  <testcase name="digestsAreCorrectlyComputed" time="0.0" classname="com.github.fge.jsonschema.keyword.digest.AbstractDigesterTest"/>
  <testcase name="digestsAreCorrectlyComputed" time="0.0" classname="com.github.fge.jsonschema.keyword.digest.AbstractDigesterTest"/>
  <testcase name="digestsAreCorrectlyComputed" time="0.0" classname="com.github.fge.jsonschema.keyword.digest.AbstractDigesterTest"/>
  <testcase name="digestsAreCorrectlyComputed" time="0.0" classname="com.github.fge.jsonschema.keyword.digest.AbstractDigesterTest"/>
  <testcase name="digestsAreCorrectlyComputed" time="0.0" classname="com.github.fge.jsonschema.keyword.digest.AbstractDigesterTest"/>
  <testcase name="digestsAreCorrectlyComputed" time="0.0" classname="com.github.fge.jsonschema.keyword.digest.AbstractDigesterTest"/>
  <testcase name="digestsAreCorrectlyComputed" time="0.0" classname="com.github.fge.jsonschema.keyword.digest.AbstractDigesterTest"/>
  <testcase name="digestsAreCorrectlyComputed" time="0.0" classname="com.github.fge.jsonschema.keyword.digest.AbstractDigesterTest"/>
  <testcase name="digestsAreCorrectlyComputed" time="0.0" classname="com.github.fge.jsonschema.keyword.digest.AbstractDigesterTest"/>
  <testcase name="digestsAreCorrectlyComputed" time="0.0" classname="com.github.fge.jsonschema.keyword.digest.AbstractDigesterTest"/>
  <testcase name="digestsAreCorrectlyComputed" time="0.0" classname="com.github.fge.jsonschema.keyword.digest.AbstractDigesterTest"/>
  <testcase name="digestsAreCorrectlyComputed" time="0.0" classname="com.github.fge.jsonschema.keyword.digest.AbstractDigesterTest"/>
  <testcase name="instanceIsCorrectlyAnalyzed" time="0.0" classname="com.github.fge.jsonschema.format.AbstractFormatAttributeTest"/>
  <testcase name="instanceIsCorrectlyAnalyzed" time="0.0" classname="com.github.fge.jsonschema.format.AbstractFormatAttributeTest"/>
  <testcase name="instanceIsCorrectlyAnalyzed" time="0.0" classname="com.github.fge.jsonschema.format.AbstractFormatAttributeTest"/>
  <testcase name="instanceIsCorrectlyAnalyzed" time="0.0" classname="com.github.fge.jsonschema.format.AbstractFormatAttributeTest"/>
  <testcase name="instancesAreValidatedCorrectly" time="0.001" classname="com.github.fge.jsonschema.keyword.validator.AbstractKeywordValidatorTest"/>
  <testcase name="instancesAreValidatedCorrectly" time="0.001" classname="com.github.fge.jsonschema.keyword.validator.AbstractKeywordValidatorTest"/>
  <testcase name="instancesAreValidatedCorrectly" time="0.0" classname="com.github.fge.jsonschema.keyword.validator.AbstractKeywordValidatorTest"/>
  <testcase name="instancesAreValidatedCorrectly" time="0.001" classname="com.github.fge.jsonschema.keyword.validator.AbstractKeywordValidatorTest"/>
  <testcase name="instancesAreValidatedCorrectly" time="0.0" classname="com.github.fge.jsonschema.keyword.validator.AbstractKeywordValidatorTest"/>
  <testcase name="instancesAreValidatedCorrectly" time="0.0" classname="com.github.fge.jsonschema.keyword.validator.AbstractKeywordValidatorTest"/>
  <testcase name="instancesAreValidatedCorrectly" time="0.002" classname="com.github.fge.jsonschema.keyword.validator.AbstractKeywordValidatorTest"/>
  <testcase name="instancesAreValidatedCorrectly" time="0.0" classname="com.github.fge.jsonschema.keyword.validator.AbstractKeywordValidatorTest"/>
  <testcase name="instancesAreValidatedCorrectly" time="0.001" classname="com.github.fge.jsonschema.keyword.validator.AbstractKeywordValidatorTest"/>
  <testcase name="instancesAreValidatedCorrectly" time="0.001" classname="com.github.fge.jsonschema.keyword.validator.AbstractKeywordValidatorTest"/>
  <testcase name="KoThenKoWorks" time="0.002" classname="com.github.fge.jsonschema.keyword.validator.callback.CallbackValidatorTest"/>
  <testcase name="OkThenKoWorks" time="0.001" classname="com.github.fge.jsonschema.keyword.validator.callback.CallbackValidatorTest"/>
  <testcase name="OkThenOkWorks" time="0.001" classname="com.github.fge.jsonschema.keyword.validator.callback.CallbackValidatorTest"/>
  <testcase name="exceptionOnFirstProcessingWorks" time="0.0" classname="com.github.fge.jsonschema.keyword.validator.callback.CallbackValidatorTest"/>
  <testcase name="exceptionOnSecondProcessingWorks" time="0.001" classname="com.github.fge.jsonschema.keyword.validator.callback.CallbackValidatorTest"/>
  <testcase name="userIsWarnedAboutNegativeEpochs" time="0.001" classname="com.github.fge.jsonschema.format.draftv3.UTCMillisecTest"/>
  <testcase name="userIsWarnedAboutNegativeEpochs" time="0.0" classname="com.github.fge.jsonschema.format.draftv3.UTCMillisecTest"/>
  <testcase name="userIsWarnedAboutNegativeEpochs" time="0.001" classname="com.github.fge.jsonschema.format.draftv3.UTCMillisecTest"/>
  <testcase name="userIsWarnedAboutPotentialOverflows" time="0.001" classname="com.github.fge.jsonschema.format.draftv3.UTCMillisecTest"/>
  <testcase name="userIsWarnedAboutPotentialOverflows" time="0.001" classname="com.github.fge.jsonschema.format.draftv3.UTCMillisecTest"/>
  <testcase name="keywordExists" time="0.0" classname="com.github.fge.jsonschema.keyword.digest.AbstractDigesterTest"/>
  <testcase name="keywordExists" time="0.0" classname="com.github.fge.jsonschema.keyword.digest.AbstractDigesterTest"/>
  <testcase name="keywordExists" time="0.0" classname="com.github.fge.jsonschema.keyword.digest.AbstractDigesterTest"/>
  <testcase name="formatAttributeIsSupported" time="0.0" classname="com.github.fge.jsonschema.format.AbstractFormatAttributeTest"/>
  <testcase name="keywordExists" time="0.001" classname="com.github.fge.jsonschema.keyword.validator.AbstractKeywordValidatorTest"/>
  <testcase name="cannotCreateKeywordWithNullName" time="0.001" classname="com.github.fge.jsonschema.library.KeywordTest"/>
  <testcase name="cannotInjectNullDigester" time="0.001" classname="com.github.fge.jsonschema.library.KeywordTest"/>
  <testcase name="cannotInjectNullSyntaxChecker" time="0.0" classname="com.github.fge.jsonschema.library.KeywordTest"/>
  <testcase name="identityDigesterTypesMustNotBeNull" time="0.0" classname="com.github.fge.jsonschema.library.KeywordTest"/>
  <testcase name="inappropriateConstructorThrowsAppropriateError" time="0.001" classname="com.github.fge.jsonschema.library.KeywordTest"/>
  <testcase name="simpleDigesterTypesMustNotBeNull" time="0.0" classname="com.github.fge.jsonschema.library.KeywordTest"/>
  <testcase name="validatorClassMustBePairedWithDigester" time="0.0" classname="com.github.fge.jsonschema.library.KeywordTest"/>
  <testcase name="whenValidatorIsPresentSyntaxCheckerMustBeThere" time="0.0" classname="com.github.fge.jsonschema.library.KeywordTest"/>
  <testcase name="digestsAreCorrectlyComputed" time="0.0" classname="com.github.fge.jsonschema.keyword.digest.AbstractDigesterTest"/>
  <testcase name="digestsAreCorrectlyComputed" time="0.0" classname="com.github.fge.jsonschema.keyword.digest.AbstractDigesterTest"/>
  <testcase name="digestsAreCorrectlyComputed" time="0.0" classname="com.github.fge.jsonschema.keyword.digest.AbstractDigesterTest"/>
  <testcase name="digestsAreCorrectlyComputed" time="0.0" classname="com.github.fge.jsonschema.keyword.digest.AbstractDigesterTest"/>
  <testcase name="digestsAreCorrectlyComputed" time="0.0" classname="com.github.fge.jsonschema.keyword.digest.AbstractDigesterTest"/>
  <testcase name="digestsAreCorrectlyComputed" time="0.0" classname="com.github.fge.jsonschema.keyword.digest.AbstractDigesterTest"/>
  <testcase name="digestsAreCorrectlyComputed" time="0.0" classname="com.github.fge.jsonschema.keyword.digest.AbstractDigesterTest"/>
  <testcase name="digestsAreCorrectlyComputed" time="0.0" classname="com.github.fge.jsonschema.keyword.digest.AbstractDigesterTest"/>
  <testcase name="digestsAreCorrectlyComputed" time="0.0" classname="com.github.fge.jsonschema.keyword.digest.AbstractDigesterTest"/>
  <testcase name="digestsAreCorrectlyComputed" time="0.0" classname="com.github.fge.jsonschema.keyword.digest.AbstractDigesterTest"/>
  <testcase name="digestsAreCorrectlyComputed" time="0.0" classname="com.github.fge.jsonschema.keyword.digest.AbstractDigesterTest"/>
  <testcase name="digestsAreCorrectlyComputed" time="0.0" classname="com.github.fge.jsonschema.keyword.digest.AbstractDigesterTest"/>
  <testcase name="instanceIsCorrectlyAnalyzed" time="0.0" classname="com.github.fge.jsonschema.format.AbstractFormatAttributeTest"/>
  <testcase name="instanceIsCorrectlyAnalyzed" time="0.001" classname="com.github.fge.jsonschema.format.AbstractFormatAttributeTest"/>
  <testcase name="instanceIsCorrectlyAnalyzed" time="0.001" classname="com.github.fge.jsonschema.format.AbstractFormatAttributeTest"/>
  <testcase name="instanceIsCorrectlyAnalyzed" time="0.0" classname="com.github.fge.jsonschema.format.AbstractFormatAttributeTest"/>
  <testcase name="instanceIsCorrectlyAnalyzed" time="0.0" classname="com.github.fge.jsonschema.format.AbstractFormatAttributeTest"/>
  <testcase name="instancesAreValidatedCorrectly" time="0.001" classname="com.github.fge.jsonschema.keyword.validator.AbstractKeywordValidatorTest"/>
  <testcase name="instancesAreValidatedCorrectly" time="0.0" classname="com.github.fge.jsonschema.keyword.validator.AbstractKeywordValidatorTest"/>
  <testcase name="instancesAreValidatedCorrectly" time="0.0" classname="com.github.fge.jsonschema.keyword.validator.AbstractKeywordValidatorTest"/>
  <testcase name="cannotAddFormatAttributeWithNullName" time="0.0" classname="com.github.fge.jsonschema.library.LibraryBuilderTest"/>
  <testcase name="cannotAddNullFormatAttribute" time="0.0" classname="com.github.fge.jsonschema.library.LibraryBuilderTest"/>
  <testcase name="cannotAddNullKeyword" time="0.0" classname="com.github.fge.jsonschema.library.LibraryBuilderTest"/>
  <testcase name="cannotRemoveFormatAttributeWithNullName" time="0.001" classname="com.github.fge.jsonschema.library.LibraryBuilderTest"/>
  <testcase name="cannotRemoveNullKeyword" time="0.0" classname="com.github.fge.jsonschema.library.LibraryBuilderTest"/>
  <testcase name="keywordExists" time="0.0" classname="com.github.fge.jsonschema.keyword.digest.AbstractDigesterTest"/>
  <testcase name="keywordExists" time="0.0" classname="com.github.fge.jsonschema.keyword.digest.AbstractDigesterTest"/>
  <testcase name="keywordExists" time="0.0" classname="com.github.fge.jsonschema.keyword.validator.AbstractKeywordValidatorTest"/>
  <testcase name="cannotInsertNullLoadingConfiguration" time="0.0" classname="com.github.fge.jsonschema.main.JsonSchemaFactoryTest"/>
  <testcase name="cannotInsertNullReportProvider" time="0.0" classname="com.github.fge.jsonschema.main.JsonSchemaFactoryTest"/>
  <testcase name="cannotInsertNullValidationConfiguration" time="0.0" classname="com.github.fge.jsonschema.main.JsonSchemaFactoryTest"/>
  <testcase name="digestsAreCorrectlyComputed" time="0.0" classname="com.github.fge.jsonschema.keyword.digest.AbstractDigesterTest"/>
  <testcase name="digestsAreCorrectlyComputed" time="0.0" classname="com.github.fge.jsonschema.keyword.digest.AbstractDigesterTest"/>
  <testcase name="digestsAreCorrectlyComputed" time="0.001" classname="com.github.fge.jsonschema.keyword.digest.AbstractDigesterTest"/>
  <testcase name="digestsAreCorrectlyComputed" time="0.0" classname="com.github.fge.jsonschema.keyword.digest.AbstractDigesterTest"/>
  <testcase name="digestsAreCorrectlyComputed" time="0.001" classname="com.github.fge.jsonschema.keyword.digest.AbstractDigesterTest"/>
  <testcase name="digestsAreCorrectlyComputed" time="0.0" classname="com.github.fge.jsonschema.keyword.digest.AbstractDigesterTest"/>
  <testcase name="digestsAreCorrectlyComputed" time="0.0" classname="com.github.fge.jsonschema.keyword.digest.AbstractDigesterTest"/>
  <testcase name="digestsAreCorrectlyComputed" time="0.001" classname="com.github.fge.jsonschema.keyword.digest.AbstractDigesterTest"/>
  <testcase name="digestsAreCorrectlyComputed" time="0.0" classname="com.github.fge.jsonschema.keyword.digest.AbstractDigesterTest"/>
  <testcase name="instancesAreValidatedCorrectly" time="0.001" classname="com.github.fge.jsonschema.keyword.validator.AbstractKeywordValidatorTest"/>
  <testcase name="instancesAreValidatedCorrectly" time="0.0" classname="com.github.fge.jsonschema.keyword.validator.AbstractKeywordValidatorTest"/>
  <testcase name="instancesAreValidatedCorrectly" time="0.0" classname="com.github.fge.jsonschema.keyword.validator.AbstractKeywordValidatorTest"/>
  <testcase name="instancesAreValidatedCorrectly" time="0.0" classname="com.github.fge.jsonschema.keyword.validator.AbstractKeywordValidatorTest"/>
  <testcase name="keywordExists" time="0.0" classname="com.github.fge.jsonschema.keyword.digest.AbstractDigesterTest"/>
  <testcase name="keywordExists" time="0.0" classname="com.github.fge.jsonschema.keyword.validator.AbstractKeywordValidatorTest"/>
  <testcase name="keywordExists" time="0.0" classname="com.github.fge.jsonschema.keyword.special.ExtendsKeywordTest"/>
  <testcase name="digestsAreCorrectlyComputed" time="0.0" classname="com.github.fge.jsonschema.keyword.digest.AbstractDigesterTest"/>
  <testcase name="digestsAreCorrectlyComputed" time="0.0" classname="com.github.fge.jsonschema.keyword.digest.AbstractDigesterTest"/>
  <testcase name="digestsAreCorrectlyComputed" time="0.0" classname="com.github.fge.jsonschema.keyword.digest.AbstractDigesterTest"/>
  <testcase name="instancesAreValidatedCorrectly" time="0.0" classname="com.github.fge.jsonschema.keyword.validator.AbstractKeywordValidatorTest"/>
  <testcase name="instancesAreValidatedCorrectly" time="0.0" classname="com.github.fge.jsonschema.keyword.validator.AbstractKeywordValidatorTest"/>
  <testcase name="instancesAreValidatedCorrectly" time="0.001" classname="com.github.fge.jsonschema.keyword.validator.AbstractKeywordValidatorTest"/>
  <testcase name="exceptionIsCorrectlyThrown" time="0.003" classname="com.github.fge.jsonschema.keyword.special.ExtendsKeywordTest"/>
  <testcase name="failingSubSchemaLeadsToFailure" time="0.001" classname="com.github.fge.jsonschema.keyword.special.ExtendsKeywordTest"/>
  <testcase name="successfulSubSchemaLeadsToSuccess" time="0.001" classname="com.github.fge.jsonschema.keyword.special.ExtendsKeywordTest"/>
  <testcase name="keywordExists" time="0.0" classname="com.github.fge.jsonschema.keyword.digest.AbstractDigesterTest"/>
  <testcase name="keywordExists" time="0.0" classname="com.github.fge.jsonschema.keyword.validator.AbstractKeywordValidatorTest"/>
  <testcase name="keywordExists" time="0.0" classname="com.github.fge.jsonschema.keyword.special.NotKeywordTest"/>
  <testcase name="digestsAreCorrectlyComputed" time="0.0" classname="com.github.fge.jsonschema.keyword.digest.AbstractDigesterTest"/>
  <testcase name="digestsAreCorrectlyComputed" time="0.0" classname="com.github.fge.jsonschema.keyword.digest.AbstractDigesterTest"/>
  <testcase name="digestsAreCorrectlyComputed" time="0.0" classname="com.github.fge.jsonschema.keyword.digest.AbstractDigesterTest"/>
  <testcase name="digestsAreCorrectlyComputed" time="0.0" classname="com.github.fge.jsonschema.keyword.digest.AbstractDigesterTest"/>
  <testcase name="digestsAreCorrectlyComputed" time="0.0" classname="com.github.fge.jsonschema.keyword.digest.AbstractDigesterTest"/>
  <testcase name="digestsAreCorrectlyComputed" time="0.0" classname="com.github.fge.jsonschema.keyword.digest.AbstractDigesterTest"/>
  <testcase name="instancesAreValidatedCorrectly" time="0.0" classname="com.github.fge.jsonschema.keyword.validator.AbstractKeywordValidatorTest"/>
  <testcase name="instancesAreValidatedCorrectly" time="0.001" classname="com.github.fge.jsonschema.keyword.validator.AbstractKeywordValidatorTest"/>
  <testcase name="exceptionIsCorrectlyThrown" time="0.003" classname="com.github.fge.jsonschema.keyword.special.NotKeywordTest"/>
  <testcase name="failingSubSchemaLeadsToSuccess" time="0.0" classname="com.github.fge.jsonschema.keyword.special.NotKeywordTest"/>
  <testcase name="successfulSubSchemaLeadsToFailure" time="0.001" classname="com.github.fge.jsonschema.keyword.special.NotKeywordTest"/>
  <testcase name="keywordExists" time="0.0" classname="com.github.fge.jsonschema.keyword.digest.AbstractDigesterTest"/>
  <testcase name="keywordExists" time="0.0" classname="com.github.fge.jsonschema.keyword.validator.AbstractKeywordValidatorTest"/>
  <testcase name="keywordExists" time="0.0" classname="com.github.fge.jsonschema.keyword.special.PatternKeywordTest"/>
  <testcase name="digestsAreCorrectlyComputed" time="0.0" classname="com.github.fge.jsonschema.keyword.digest.AbstractDigesterTest"/>
  <testcase name="digestsAreCorrectlyComputed" time="0.0" classname="com.github.fge.jsonschema.keyword.digest.AbstractDigesterTest"/>
  <testcase name="digestsAreCorrectlyComputed" time="0.0" classname="com.github.fge.jsonschema.keyword.digest.AbstractDigesterTest"/>
  <testcase name="digestsAreCorrectlyComputed" time="0.0" classname="com.github.fge.jsonschema.keyword.digest.AbstractDigesterTest"/>
  <testcase name="digestsAreCorrectlyComputed" time="0.0" classname="com.github.fge.jsonschema.keyword.digest.AbstractDigesterTest"/>
  <testcase name="digestsAreCorrectlyComputed" time="0.0" classname="com.github.fge.jsonschema.keyword.digest.AbstractDigesterTest"/>
  <testcase name="digestsAreCorrectlyComputed" time="0.0" classname="com.github.fge.jsonschema.keyword.digest.AbstractDigesterTest"/>
  <testcase name="digestsAreCorrectlyComputed" time="0.0" classname="com.github.fge.jsonschema.keyword.digest.AbstractDigesterTest"/>
  <testcase name="digestsAreCorrectlyComputed" time="0.0" classname="com.github.fge.jsonschema.keyword.digest.AbstractDigesterTest"/>
  <testcase name="digestsAreCorrectlyComputed" time="0.0" classname="com.github.fge.jsonschema.keyword.digest.AbstractDigesterTest"/>
  <testcase name="digestsAreCorrectlyComputed" time="0.0" classname="com.github.fge.jsonschema.keyword.digest.AbstractDigesterTest"/>
  <testcase name="digestsAreCorrectlyComputed" time="0.0" classname="com.github.fge.jsonschema.keyword.digest.AbstractDigesterTest"/>
  <testcase name="digestsAreCorrectlyComputed" time="0.001" classname="com.github.fge.jsonschema.keyword.digest.AbstractDigesterTest"/>
  <testcase name="digestsAreCorrectlyComputed" time="0.0" classname="com.github.fge.jsonschema.keyword.digest.AbstractDigesterTest"/>
  <testcase name="digestsAreCorrectlyComputed" time="0.0" classname="com.github.fge.jsonschema.keyword.digest.AbstractDigesterTest"/>
  <testcase name="digestsAreCorrectlyComputed" time="0.0" classname="com.github.fge.jsonschema.keyword.digest.AbstractDigesterTest"/>
  <testcase name="digestsAreCorrectlyComputed" time="0.0" classname="com.github.fge.jsonschema.keyword.digest.AbstractDigesterTest"/>
  <testcase name="digestsAreCorrectlyComputed" time="0.0" classname="com.github.fge.jsonschema.keyword.digest.AbstractDigesterTest"/>
  <testcase name="digestsAreCorrectlyComputed" time="0.0" classname="com.github.fge.jsonschema.keyword.digest.AbstractDigesterTest"/>
  <testcase name="digestsAreCorrectlyComputed" time="0.0" classname="com.github.fge.jsonschema.keyword.digest.AbstractDigesterTest"/>
  <testcase name="digestsAreCorrectlyComputed" time="0.0" classname="com.github.fge.jsonschema.keyword.digest.AbstractDigesterTest"/>
  <testcase name="digestsAreCorrectlyComputed" time="0.0" classname="com.github.fge.jsonschema.keyword.digest.AbstractDigesterTest"/>
  <testcase name="digestsAreCorrectlyComputed" time="0.0" classname="com.github.fge.jsonschema.keyword.digest.AbstractDigesterTest"/>
  <testcase name="instancesAreValidatedCorrectly" time="0.001" classname="com.github.fge.jsonschema.keyword.validator.AbstractKeywordValidatorTest"/>
  <testcase name="instancesAreValidatedCorrectly" time="0.0" classname="com.github.fge.jsonschema.keyword.validator.AbstractKeywordValidatorTest"/>
  <testcase name="instancesAreValidatedCorrectly" time="0.001" classname="com.github.fge.jsonschema.keyword.validator.AbstractKeywordValidatorTest"/>
  <testcase name="instancesAreValidatedCorrectly" time="0.0" classname="com.github.fge.jsonschema.keyword.validator.AbstractKeywordValidatorTest"/>
  <testcase name="instancesAreValidatedCorrectly" time="0.0" classname="com.github.fge.jsonschema.keyword.validator.AbstractKeywordValidatorTest"/>
  <testcase name="instancesAreValidatedCorrectly" time="0.0" classname="com.github.fge.jsonschema.keyword.validator.AbstractKeywordValidatorTest"/>
  <testcase name="instancesAreValidatedCorrectly" time="0.001" classname="com.github.fge.jsonschema.keyword.validator.AbstractKeywordValidatorTest"/>
  <testcase name="instancesAreValidatedCorrectly" time="0.0" classname="com.github.fge.jsonschema.keyword.validator.AbstractKeywordValidatorTest"/>
  <testcase name="instancesAreValidatedCorrectly" time="0.0" classname="com.github.fge.jsonschema.keyword.validator.AbstractKeywordValidatorTest"/>
  <testcase name="instancesAreValidatedCorrectly" time="0.0" classname="com.github.fge.jsonschema.keyword.validator.AbstractKeywordValidatorTest"/>
  <testcase name="instancesAreValidatedCorrectly" time="0.0" classname="com.github.fge.jsonschema.keyword.validator.AbstractKeywordValidatorTest"/>
  <testcase name="instancesAreValidatedCorrectly" time="0.0" classname="com.github.fge.jsonschema.keyword.special.PatternKeywordTest"/>
  <testcase name="instancesAreValidatedCorrectly" time="0.001" classname="com.github.fge.jsonschema.keyword.special.PatternKeywordTest"/>
  <testcase name="instancesAreValidatedCorrectly" time="0.0" classname="com.github.fge.jsonschema.keyword.special.PatternKeywordTest"/>
  <testcase name="keywordExists" time="0.0" classname="com.github.fge.jsonschema.keyword.digest.AbstractDigesterTest"/>
  <testcase name="keywordExists" time="0.0" classname="com.github.fge.jsonschema.keyword.validator.AbstractKeywordValidatorTest"/>
  <testcase name="digestsAreCorrectlyComputed" time="0.0" classname="com.github.fge.jsonschema.keyword.digest.AbstractDigesterTest"/>
  <testcase name="digestsAreCorrectlyComputed" time="0.0" classname="com.github.fge.jsonschema.keyword.digest.AbstractDigesterTest"/>
  <testcase name="digestsAreCorrectlyComputed" time="0.0" classname="com.github.fge.jsonschema.keyword.digest.AbstractDigesterTest"/>
  <testcase name="digestsAreCorrectlyComputed" time="0.0" classname="com.github.fge.jsonschema.keyword.digest.AbstractDigesterTest"/>
  <testcase name="digestsAreCorrectlyComputed" time="0.0" classname="com.github.fge.jsonschema.keyword.digest.AbstractDigesterTest"/>
  <testcase name="digestsAreCorrectlyComputed" time="0.0" classname="com.github.fge.jsonschema.keyword.digest.AbstractDigesterTest"/>
  <testcase name="digestsAreCorrectlyComputed" time="0.0" classname="com.github.fge.jsonschema.keyword.digest.AbstractDigesterTest"/>
  <testcase name="digestsAreCorrectlyComputed" time="0.0" classname="com.github.fge.jsonschema.keyword.digest.AbstractDigesterTest"/>
  <testcase name="instancesAreValidatedCorrectly" time="0.001" classname="com.github.fge.jsonschema.keyword.validator.AbstractKeywordValidatorTest"/>
  <testcase name="instancesAreValidatedCorrectly" time="0.001" classname="com.github.fge.jsonschema.keyword.validator.AbstractKeywordValidatorTest"/>
  <testcase name="instancesAreValidatedCorrectly" time="0.001" classname="com.github.fge.jsonschema.keyword.validator.AbstractKeywordValidatorTest"/>
  <testcase name="instancesAreValidatedCorrectly" time="0.002" classname="com.github.fge.jsonschema.keyword.validator.AbstractKeywordValidatorTest"/>
  <testcase name="keywordExists" time="0.0" classname="com.github.fge.jsonschema.keyword.digest.AbstractDigesterTest"/>
  <testcase name="digestsAreCorrectlyComputed" time="0.001" classname="com.github.fge.jsonschema.keyword.digest.AbstractDigesterTest"/>
  <testcase name="digestsAreCorrectlyComputed" time="0.0" classname="com.github.fge.jsonschema.keyword.digest.AbstractDigesterTest"/>
  <testcase name="digestsAreCorrectlyComputed" time="0.0" classname="com.github.fge.jsonschema.keyword.digest.AbstractDigesterTest"/>
  <testcase name="digestsAreCorrectlyComputed" time="0.0" classname="com.github.fge.jsonschema.keyword.digest.AbstractDigesterTest"/>
  <testcase name="digestsAreCorrectlyComputed" time="0.0" classname="com.github.fge.jsonschema.keyword.digest.AbstractDigesterTest"/>
  <testcase name="digestsAreCorrectlyComputed" time="0.0" classname="com.github.fge.jsonschema.keyword.digest.AbstractDigesterTest"/>
  <testcase name="digestsAreCorrectlyComputed" time="0.0" classname="com.github.fge.jsonschema.keyword.digest.AbstractDigesterTest"/>
  <testcase name="digestsAreCorrectlyComputed" time="0.0" classname="com.github.fge.jsonschema.keyword.digest.AbstractDigesterTest"/>
  <testcase name="digestsAreCorrectlyComputed" time="0.0" classname="com.github.fge.jsonschema.keyword.digest.AbstractDigesterTest"/>
  <testcase name="digestsAreCorrectlyComputed" time="0.0" classname="com.github.fge.jsonschema.keyword.digest.AbstractDigesterTest"/>
</testsuite> <!-- Command line test -->
