<?xml version="1.0" encoding="UTF-8"?>
<testng-results skipped="0" failed="0" ignored="0" total="654" passed="654">
  <reporter-output>
  </reporter-output>
  <suite name="Command line suite" duration-ms="3480" started-at="2017-11-08T19:10:11Z" finished-at="2017-11-08T19:10:14Z">
    <groups>
    </groups>
    <test name="Command line test" duration-ms="3480" started-at="2017-11-08T19:10:11Z" finished-at="2017-11-08T19:10:14Z">
      <class name="com.github.fge.jsonschema.format.draftv3.UTCMillisecTest">
        <test-method status="PASS" signature="initReport()[pri:0, instance:com.github.fge.jsonschema.format.draftv3.UTCMillisecTest@74235045]" name="initReport" is-config="true" duration-ms="0" started-at="2017-11-08T21:10:14Z" finished-at="2017-11-08T21:10:14Z">
          <reporter-output>
          </reporter-output>
        </test-method> <!-- initReport -->
        <test-method status="PASS" signature="formatAttributeIsSupported()[pri:0, instance:com.github.fge.jsonschema.format.draftv3.UTCMillisecTest@74235045]" name="formatAttributeIsSupported" duration-ms="0" started-at="2017-11-08T21:10:14Z" finished-at="2017-11-08T21:10:14Z">
          <reporter-output>
          </reporter-output>
        </test-method> <!-- formatAttributeIsSupported -->
        <test-method status="PASS" signature="retestAttribute()[pri:0, instance:com.github.fge.jsonschema.format.draftv3.UTCMillisecTest@74235045]" name="retestAttribute" duration-ms="0" started-at="2017-11-08T21:10:14Z" finished-at="2017-11-08T21:10:14Z">
          <reporter-output>
          </reporter-output>
        </test-method> <!-- retestAttribute -->
        <test-method status="PASS" signature="initReport()[pri:0, instance:com.github.fge.jsonschema.format.draftv3.UTCMillisecTest@74235045]" name="initReport" is-config="true" duration-ms="0" started-at="2017-11-08T21:10:14Z" finished-at="2017-11-08T21:10:14Z">
          <reporter-output>
          </reporter-output>
        </test-method> <!-- initReport -->
        <test-method status="PASS" signature="initReport()[pri:0, instance:com.github.fge.jsonschema.format.draftv3.UTCMillisecTest@74235045]" name="initReport" is-config="true" duration-ms="1" started-at="2017-11-08T21:10:14Z" finished-at="2017-11-08T21:10:14Z">
          <reporter-output>
          </reporter-output>
        </test-method> <!-- initReport -->
        <test-method status="PASS" signature="userIsWarnedAboutNegativeEpochs(com.fasterxml.jackson.databind.JsonNode)[pri:0, instance:com.github.fge.jsonschema.format.draftv3.UTCMillisecTest@74235045]" name="userIsWarnedAboutNegativeEpochs" duration-ms="1" started-at="2017-11-08T21:10:14Z" data-provider="negativeValues" depends-on-methods="com.github.fge.jsonschema.format.draftv3.UTCMillisecTest.retestAttribute" finished-at="2017-11-08T21:10:14Z">
          <params>
            <param index="0">
              <value>
                <![CDATA[-928019283]]>
              </value>
            </param>
          </params>
          <reporter-output>
          </reporter-output>
        </test-method> <!-- userIsWarnedAboutNegativeEpochs -->
        <test-method status="PASS" signature="userIsWarnedAboutNegativeEpochs(com.fasterxml.jackson.databind.JsonNode)[pri:0, instance:com.github.fge.jsonschema.format.draftv3.UTCMillisecTest@74235045]" name="userIsWarnedAboutNegativeEpochs" duration-ms="1" started-at="2017-11-08T21:10:14Z" data-provider="negativeValues" depends-on-methods="com.github.fge.jsonschema.format.draftv3.UTCMillisecTest.retestAttribute" finished-at="2017-11-08T21:10:14Z">
          <params>
            <param index="0">
              <value>
                <![CDATA[-1]]>
              </value>
            </param>
          </params>
          <reporter-output>
          </reporter-output>
        </test-method> <!-- userIsWarnedAboutNegativeEpochs -->
        <test-method status="PASS" signature="initReport()[pri:0, instance:com.github.fge.jsonschema.format.draftv3.UTCMillisecTest@74235045]" name="initReport" is-config="true" duration-ms="0" started-at="2017-11-08T21:10:14Z" finished-at="2017-11-08T21:10:14Z">
          <reporter-output>
          </reporter-output>
        </test-method> <!-- initReport -->
        <test-method status="PASS" signature="initReport()[pri:0, instance:com.github.fge.jsonschema.format.draftv3.UTCMillisecTest@74235045]" name="initReport" is-config="true" duration-ms="0" started-at="2017-11-08T21:10:14Z" finished-at="2017-11-08T21:10:14Z">
          <reporter-output>
          </reporter-output>
        </test-method> <!-- initReport -->
        <test-method status="PASS" signature="userIsWarnedAboutNegativeEpochs(com.fasterxml.jackson.databind.JsonNode)[pri:0, instance:com.github.fge.jsonschema.format.draftv3.UTCMillisecTest@74235045]" name="userIsWarnedAboutNegativeEpochs" duration-ms="0" started-at="2017-11-08T21:10:14Z" data-provider="negativeValues" depends-on-methods="com.github.fge.jsonschema.format.draftv3.UTCMillisecTest.retestAttribute" finished-at="2017-11-08T21:10:14Z">
          <params>
            <param index="0">
              <value>
                <![CDATA[-928019283.01]]>
              </value>
            </param>
          </params>
          <reporter-output>
          </reporter-output>
        </test-method> <!-- userIsWarnedAboutNegativeEpochs -->
        <test-method status="PASS" signature="userIsWarnedAboutPotentialOverflows(com.fasterxml.jackson.databind.JsonNode)[pri:0, instance:com.github.fge.jsonschema.format.draftv3.UTCMillisecTest@74235045]" name="userIsWarnedAboutPotentialOverflows" duration-ms="1" started-at="2017-11-08T21:10:14Z" data-provider="overflows" depends-on-methods="com.github.fge.jsonschema.format.draftv3.UTCMillisecTest.retestAttribute" finished-at="2017-11-08T21:10:14Z">
          <params>
            <param index="0">
              <value>
                <![CDATA[2.147483648E+12]]>
              </value>
            </param>
          </params>
          <reporter-output>
          </reporter-output>
        </test-method> <!-- userIsWarnedAboutPotentialOverflows -->
        <test-method status="PASS" signature="initReport()[pri:0, instance:com.github.fge.jsonschema.format.draftv3.UTCMillisecTest@74235045]" name="initReport" is-config="true" duration-ms="0" started-at="2017-11-08T21:10:14Z" finished-at="2017-11-08T21:10:14Z">
          <reporter-output>
          </reporter-output>
        </test-method> <!-- initReport -->
        <test-method status="PASS" signature="userIsWarnedAboutPotentialOverflows(com.fasterxml.jackson.databind.JsonNode)[pri:0, instance:com.github.fge.jsonschema.format.draftv3.UTCMillisecTest@74235045]" name="userIsWarnedAboutPotentialOverflows" duration-ms="1" started-at="2017-11-08T21:10:14Z" data-provider="overflows" depends-on-methods="com.github.fge.jsonschema.format.draftv3.UTCMillisecTest.retestAttribute" finished-at="2017-11-08T21:10:14Z">
          <params>
            <param index="0">
              <value>
                <![CDATA[2147483648000.2983]]>
              </value>
            </param>
          </params>
          <reporter-output>
          </reporter-output>
        </test-method> <!-- userIsWarnedAboutPotentialOverflows -->
        <test-method status="PASS" signature="initReport()[pri:0, instance:com.github.fge.jsonschema.format.draftv3.UTCMillisecTest@74235045]" name="initReport" is-config="true" duration-ms="0" started-at="2017-11-08T21:10:14Z" finished-at="2017-11-08T21:10:14Z">
          <reporter-output>
          </reporter-output>
        </test-method> <!-- initReport -->
      </class> <!-- com.github.fge.jsonschema.format.draftv3.UTCMillisecTest -->
      <class name="com.github.fge.jsonschema.keyword.validator.common.EnumValidatorTest">
        <test-method status="PASS" signature="keywordExists()[pri:0, instance:com.github.fge.jsonschema.keyword.validator.common.EnumValidatorTest@158a8276]" name="keywordExists" duration-ms="0" started-at="2017-11-08T21:10:12Z" finished-at="2017-11-08T21:10:12Z">
          <reporter-output>
          </reporter-output>
        </test-method> <!-- keywordExists -->
        <test-method status="PASS" signature="instancesAreValidatedCorrectly(com.fasterxml.jackson.databind.JsonNode, com.fasterxml.jackson.databind.JsonNode, java.lang.String, boolean, com.fasterxml.jackson.databind.node.ObjectNode)[pri:0, instance:com.github.fge.jsonschema.keyword.validator.common.EnumValidatorTest@158a8276]" name="instancesAreValidatedCorrectly" duration-ms="32" started-at="2017-11-08T21:10:13Z" data-provider="getValueTests" depends-on-methods="com.github.fge.jsonschema.keyword.validator.AbstractKeywordValidatorTest.keywordExists" finished-at="2017-11-08T21:10:13Z">
          <params>
            <param index="0">
              <value>
                <![CDATA[{"enum":[true]}]]>
              </value>
            </param>
            <param index="1">
              <value>
                <![CDATA[false]]>
              </value>
            </param>
            <param index="2">
              <value>
                <![CDATA[instance value (false) not found in enum (possible values: [true])]]>
              </value>
            </param>
            <param index="3">
              <value>
                <![CDATA[false]]>
              </value>
            </param>
            <param index="4">
              <value>
                <![CDATA[{"enum":[true],"value":false}]]>
              </value>
            </param>
          </params>
          <reporter-output>
          </reporter-output>
        </test-method> <!-- instancesAreValidatedCorrectly -->
        <test-method status="PASS" signature="instancesAreValidatedCorrectly(com.fasterxml.jackson.databind.JsonNode, com.fasterxml.jackson.databind.JsonNode, java.lang.String, boolean, com.fasterxml.jackson.databind.node.ObjectNode)[pri:0, instance:com.github.fge.jsonschema.keyword.validator.common.EnumValidatorTest@158a8276]" name="instancesAreValidatedCorrectly" duration-ms="2" started-at="2017-11-08T21:10:13Z" data-provider="getValueTests" depends-on-methods="com.github.fge.jsonschema.keyword.validator.AbstractKeywordValidatorTest.keywordExists" finished-at="2017-11-08T21:10:13Z">
          <params>
            <param index="0">
              <value>
                <![CDATA[{"enum":[true]}]]>
              </value>
            </param>
            <param index="1">
              <value>
                <![CDATA[true]]>
              </value>
            </param>
            <param index="2">
              <value is-null="true"/>
            </param>
            <param index="3">
              <value>
                <![CDATA[true]]>
              </value>
            </param>
            <param index="4">
              <value is-null="true"/>
            </param>
          </params>
          <reporter-output>
          </reporter-output>
        </test-method> <!-- instancesAreValidatedCorrectly -->
        <test-method status="PASS" signature="instancesAreValidatedCorrectly(com.fasterxml.jackson.databind.JsonNode, com.fasterxml.jackson.databind.JsonNode, java.lang.String, boolean, com.fasterxml.jackson.databind.node.ObjectNode)[pri:0, instance:com.github.fge.jsonschema.keyword.validator.common.EnumValidatorTest@158a8276]" name="instancesAreValidatedCorrectly" duration-ms="1" started-at="2017-11-08T21:10:13Z" data-provider="getValueTests" depends-on-methods="com.github.fge.jsonschema.keyword.validator.AbstractKeywordValidatorTest.keywordExists" finished-at="2017-11-08T21:10:13Z">
          <params>
            <param index="0">
              <value>
                <![CDATA[{"enum":[1,{},[1,2,3]]}]]>
              </value>
            </param>
            <param index="1">
              <value>
                <![CDATA[{"a":"b"}]]>
              </value>
            </param>
            <param index="2">
              <value>
                <![CDATA[instance value ({"a":"b"}) not found in enum (possible values: [1,{},[1,2,3]])]]>
              </value>
            </param>
            <param index="3">
              <value>
                <![CDATA[false]]>
              </value>
            </param>
            <param index="4">
              <value>
                <![CDATA[{"enum":[1,{},[1,2,3]],"value":{"a":"b"}}]]>
              </value>
            </param>
          </params>
          <reporter-output>
          </reporter-output>
        </test-method> <!-- instancesAreValidatedCorrectly -->
        <test-method status="PASS" signature="instancesAreValidatedCorrectly(com.fasterxml.jackson.databind.JsonNode, com.fasterxml.jackson.databind.JsonNode, java.lang.String, boolean, com.fasterxml.jackson.databind.node.ObjectNode)[pri:0, instance:com.github.fge.jsonschema.keyword.validator.common.EnumValidatorTest@158a8276]" name="instancesAreValidatedCorrectly" duration-ms="1" started-at="2017-11-08T21:10:13Z" data-provider="getValueTests" depends-on-methods="com.github.fge.jsonschema.keyword.validator.AbstractKeywordValidatorTest.keywordExists" finished-at="2017-11-08T21:10:13Z">
          <params>
            <param index="0">
              <value>
                <![CDATA[{"enum":[1,{},[1,2,3]]}]]>
              </value>
            </param>
            <param index="1">
              <value>
                <![CDATA[[1,2,3]]]>
              </value>
            </param>
            <param index="2">
              <value is-null="true"/>
            </param>
            <param index="3">
              <value>
                <![CDATA[true]]>
              </value>
            </param>
            <param index="4">
              <value is-null="true"/>
            </param>
          </params>
          <reporter-output>
          </reporter-output>
        </test-method> <!-- instancesAreValidatedCorrectly -->
      </class> <!-- com.github.fge.jsonschema.keyword.validator.common.EnumValidatorTest -->
      <class name="com.github.fge.jsonschema.keyword.validator.draftv4.RequiredValidatorTest">
        <test-method status="PASS" signature="keywordExists()[pri:0, instance:com.github.fge.jsonschema.keyword.validator.draftv4.RequiredValidatorTest@757277dc]" name="keywordExists" duration-ms="0" started-at="2017-11-08T21:10:14Z" finished-at="2017-11-08T21:10:14Z">
          <reporter-output>
          </reporter-output>
        </test-method> <!-- keywordExists -->
        <test-method status="PASS" signature="instancesAreValidatedCorrectly(com.fasterxml.jackson.databind.JsonNode, com.fasterxml.jackson.databind.JsonNode, java.lang.String, boolean, com.fasterxml.jackson.databind.node.ObjectNode)[pri:0, instance:com.github.fge.jsonschema.keyword.validator.draftv4.RequiredValidatorTest@757277dc]" name="instancesAreValidatedCorrectly" duration-ms="1" started-at="2017-11-08T21:10:14Z" data-provider="getValueTests" depends-on-methods="com.github.fge.jsonschema.keyword.validator.AbstractKeywordValidatorTest.keywordExists" finished-at="2017-11-08T21:10:14Z">
          <params>
            <param index="0">
              <value>
                <![CDATA[{"required":["a1","a2","a3"]}]]>
              </value>
            </param>
            <param index="1">
              <value>
                <![CDATA[{"a1":1,"a2":2,"a3":3}]]>
              </value>
            </param>
            <param index="2">
              <value is-null="true"/>
            </param>
            <param index="3">
              <value>
                <![CDATA[true]]>
              </value>
            </param>
            <param index="4">
              <value is-null="true"/>
            </param>
          </params>
          <reporter-output>
          </reporter-output>
        </test-method> <!-- instancesAreValidatedCorrectly -->
        <test-method status="PASS" signature="instancesAreValidatedCorrectly(com.fasterxml.jackson.databind.JsonNode, com.fasterxml.jackson.databind.JsonNode, java.lang.String, boolean, com.fasterxml.jackson.databind.node.ObjectNode)[pri:0, instance:com.github.fge.jsonschema.keyword.validator.draftv4.RequiredValidatorTest@757277dc]" name="instancesAreValidatedCorrectly" duration-ms="1" started-at="2017-11-08T21:10:14Z" data-provider="getValueTests" depends-on-methods="com.github.fge.jsonschema.keyword.validator.AbstractKeywordValidatorTest.keywordExists" finished-at="2017-11-08T21:10:14Z">
          <params>
            <param index="0">
              <value>
                <![CDATA[{"required":["a1","a2","a3"]}]]>
              </value>
            </param>
            <param index="1">
              <value>
                <![CDATA[{"a1":1,"p":"yeah, right"}]]>
              </value>
            </param>
            <param index="2">
              <value>
                <![CDATA[object has missing required properties (["a2","a3"])]]>
              </value>
            </param>
            <param index="3">
              <value>
                <![CDATA[false]]>
              </value>
            </param>
            <param index="4">
              <value>
                <![CDATA[{"required":["a1","a2","a3"],"missing":["a2","a3"]}]]>
              </value>
            </param>
          </params>
          <reporter-output>
          </reporter-output>
        </test-method> <!-- instancesAreValidatedCorrectly -->
      </class> <!-- com.github.fge.jsonschema.keyword.validator.draftv4.RequiredValidatorTest -->
      <class name="com.github.fge.jsonschema.processors.validation.ObjectSchemaDigesterTest">
        <test-method status="PASS" signature="digestsAreCorrectlyComputed(com.fasterxml.jackson.databind.JsonNode, com.fasterxml.jackson.databind.JsonNode)[pri:0, instance:com.github.fge.jsonschema.processors.validation.ObjectSchemaDigesterTest@6a03bcb1]" name="digestsAreCorrectlyComputed" duration-ms="0" started-at="2017-11-08T21:10:14Z" data-provider="testData" finished-at="2017-11-08T21:10:14Z">
          <params>
            <param index="0">
              <value>
                <![CDATA[{"properties":[],"patternProperties":[],"hasAdditional":false}]]>
              </value>
            </param>
            <param index="1">
              <value>
                <![CDATA[{}]]>
              </value>
            </param>
          </params>
          <reporter-output>
          </reporter-output>
        </test-method> <!-- digestsAreCorrectlyComputed -->
        <test-method status="PASS" signature="digestsAreCorrectlyComputed(com.fasterxml.jackson.databind.JsonNode, com.fasterxml.jackson.databind.JsonNode)[pri:0, instance:com.github.fge.jsonschema.processors.validation.ObjectSchemaDigesterTest@6a03bcb1]" name="digestsAreCorrectlyComputed" duration-ms="0" started-at="2017-11-08T21:10:14Z" data-provider="testData" finished-at="2017-11-08T21:10:14Z">
          <params>
            <param index="0">
              <value>
                <![CDATA[{"properties":[],"patternProperties":[],"hasAdditional":true}]]>
              </value>
            </param>
            <param index="1">
              <value>
                <![CDATA[{"additionalProperties":{"foo":"bar"}}]]>
              </value>
            </param>
          </params>
          <reporter-output>
          </reporter-output>
        </test-method> <!-- digestsAreCorrectlyComputed -->
        <test-method status="PASS" signature="digestsAreCorrectlyComputed(com.fasterxml.jackson.databind.JsonNode, com.fasterxml.jackson.databind.JsonNode)[pri:0, instance:com.github.fge.jsonschema.processors.validation.ObjectSchemaDigesterTest@6a03bcb1]" name="digestsAreCorrectlyComputed" duration-ms="0" started-at="2017-11-08T21:10:14Z" data-provider="testData" finished-at="2017-11-08T21:10:14Z">
          <params>
            <param index="0">
              <value>
                <![CDATA[{"properties":[],"patternProperties":[],"hasAdditional":false}]]>
              </value>
            </param>
            <param index="1">
              <value>
                <![CDATA[{"additionalProperties":true}]]>
              </value>
            </param>
          </params>
          <reporter-output>
          </reporter-output>
        </test-method> <!-- digestsAreCorrectlyComputed -->
        <test-method status="PASS" signature="digestsAreCorrectlyComputed(com.fasterxml.jackson.databind.JsonNode, com.fasterxml.jackson.databind.JsonNode)[pri:0, instance:com.github.fge.jsonschema.processors.validation.ObjectSchemaDigesterTest@6a03bcb1]" name="digestsAreCorrectlyComputed" duration-ms="0" started-at="2017-11-08T21:10:14Z" data-provider="testData" finished-at="2017-11-08T21:10:14Z">
          <params>
            <param index="0">
              <value>
                <![CDATA[{"properties":[],"patternProperties":[],"hasAdditional":true}]]>
              </value>
            </param>
            <param index="1">
              <value>
                <![CDATA[{"additionalProperties":{}}]]>
              </value>
            </param>
          </params>
          <reporter-output>
          </reporter-output>
        </test-method> <!-- digestsAreCorrectlyComputed -->
        <test-method status="PASS" signature="digestsAreCorrectlyComputed(com.fasterxml.jackson.databind.JsonNode, com.fasterxml.jackson.databind.JsonNode)[pri:0, instance:com.github.fge.jsonschema.processors.validation.ObjectSchemaDigesterTest@6a03bcb1]" name="digestsAreCorrectlyComputed" duration-ms="0" started-at="2017-11-08T21:10:14Z" data-provider="testData" finished-at="2017-11-08T21:10:14Z">
          <params>
            <param index="0">
              <value>
                <![CDATA[{"properties":[],"patternProperties":[],"hasAdditional":false}]]>
              </value>
            </param>
            <param index="1">
              <value>
                <![CDATA[{"additionalProperties":false}]]>
              </value>
            </param>
          </params>
          <reporter-output>
          </reporter-output>
        </test-method> <!-- digestsAreCorrectlyComputed -->
        <test-method status="PASS" signature="digestsAreCorrectlyComputed(com.fasterxml.jackson.databind.JsonNode, com.fasterxml.jackson.databind.JsonNode)[pri:0, instance:com.github.fge.jsonschema.processors.validation.ObjectSchemaDigesterTest@6a03bcb1]" name="digestsAreCorrectlyComputed" duration-ms="1" started-at="2017-11-08T21:10:14Z" data-provider="testData" finished-at="2017-11-08T21:10:14Z">
          <params>
            <param index="0">
              <value>
                <![CDATA[{"properties":[],"patternProperties":[],"hasAdditional":true}]]>
              </value>
            </param>
            <param index="1">
              <value>
                <![CDATA[{"additionalProperties":{"x":"y"}}]]>
              </value>
            </param>
          </params>
          <reporter-output>
          </reporter-output>
        </test-method> <!-- digestsAreCorrectlyComputed -->
        <test-method status="PASS" signature="digestsAreCorrectlyComputed(com.fasterxml.jackson.databind.JsonNode, com.fasterxml.jackson.databind.JsonNode)[pri:0, instance:com.github.fge.jsonschema.processors.validation.ObjectSchemaDigesterTest@6a03bcb1]" name="digestsAreCorrectlyComputed" duration-ms="2" started-at="2017-11-08T21:10:14Z" data-provider="testData" finished-at="2017-11-08T21:10:14Z">
          <params>
            <param index="0">
              <value>
                <![CDATA[{"properties":["a","b"],"patternProperties":[],"hasAdditional":false}]]>
              </value>
            </param>
            <param index="1">
              <value>
                <![CDATA[{"properties":{"b":{"c":"d"},"a":{"d":"e"}},"additionalProperties":false}]]>
              </value>
            </param>
          </params>
          <reporter-output>
          </reporter-output>
        </test-method> <!-- digestsAreCorrectlyComputed -->
        <test-method status="PASS" signature="digestsAreCorrectlyComputed(com.fasterxml.jackson.databind.JsonNode, com.fasterxml.jackson.databind.JsonNode)[pri:0, instance:com.github.fge.jsonschema.processors.validation.ObjectSchemaDigesterTest@6a03bcb1]" name="digestsAreCorrectlyComputed" duration-ms="0" started-at="2017-11-08T21:10:14Z" data-provider="testData" finished-at="2017-11-08T21:10:14Z">
          <params>
            <param index="0">
              <value>
                <![CDATA[{"properties":["a","b"],"patternProperties":[],"hasAdditional":false}]]>
              </value>
            </param>
            <param index="1">
              <value>
                <![CDATA[{"properties":{"a":{"c":"d"},"b":{"d":"e"}}}]]>
              </value>
            </param>
          </params>
          <reporter-output>
          </reporter-output>
        </test-method> <!-- digestsAreCorrectlyComputed -->
        <test-method status="PASS" signature="digestsAreCorrectlyComputed(com.fasterxml.jackson.databind.JsonNode, com.fasterxml.jackson.databind.JsonNode)[pri:0, instance:com.github.fge.jsonschema.processors.validation.ObjectSchemaDigesterTest@6a03bcb1]" name="digestsAreCorrectlyComputed" duration-ms="0" started-at="2017-11-08T21:10:14Z" data-provider="testData" finished-at="2017-11-08T21:10:14Z">
          <params>
            <param index="0">
              <value>
                <![CDATA[{"properties":["a","b"],"patternProperties":[],"hasAdditional":false}]]>
              </value>
            </param>
            <param index="1">
              <value>
                <![CDATA[{"properties":{"a":{"c":"d"},"b":{"d":"e"}},"additionalProperties":true}]]>
              </value>
            </param>
          </params>
          <reporter-output>
          </reporter-output>
        </test-method> <!-- digestsAreCorrectlyComputed -->
        <test-method status="PASS" signature="digestsAreCorrectlyComputed(com.fasterxml.jackson.databind.JsonNode, com.fasterxml.jackson.databind.JsonNode)[pri:0, instance:com.github.fge.jsonschema.processors.validation.ObjectSchemaDigesterTest@6a03bcb1]" name="digestsAreCorrectlyComputed" duration-ms="0" started-at="2017-11-08T21:10:14Z" data-provider="testData" finished-at="2017-11-08T21:10:14Z">
          <params>
            <param index="0">
              <value>
                <![CDATA[{"properties":["a","b"],"patternProperties":[],"hasAdditional":true}]]>
              </value>
            </param>
            <param index="1">
              <value>
                <![CDATA[{"properties":{"a":{},"b":{"d":"e"}},"additionalProperties":{"foo":"bar"}}]]>
              </value>
            </param>
          </params>
          <reporter-output>
          </reporter-output>
        </test-method> <!-- digestsAreCorrectlyComputed -->
        <test-method status="PASS" signature="digestsAreCorrectlyComputed(com.fasterxml.jackson.databind.JsonNode, com.fasterxml.jackson.databind.JsonNode)[pri:0, instance:com.github.fge.jsonschema.processors.validation.ObjectSchemaDigesterTest@6a03bcb1]" name="digestsAreCorrectlyComputed" duration-ms="2" started-at="2017-11-08T21:10:14Z" data-provider="testData" finished-at="2017-11-08T21:10:14Z">
          <params>
            <param index="0">
              <value>
                <![CDATA[{"properties":["a","b"],"patternProperties":[],"hasAdditional":true}]]>
              </value>
            </param>
            <param index="1">
              <value>
                <![CDATA[{"properties":{"a":{"c":"d"},"b":{}},"additionalProperties":{}}]]>
              </value>
            </param>
          </params>
          <reporter-output>
          </reporter-output>
        </test-method> <!-- digestsAreCorrectlyComputed -->
        <test-method status="PASS" signature="digestsAreCorrectlyComputed(com.fasterxml.jackson.databind.JsonNode, com.fasterxml.jackson.databind.JsonNode)[pri:0, instance:com.github.fge.jsonschema.processors.validation.ObjectSchemaDigesterTest@6a03bcb1]" name="digestsAreCorrectlyComputed" duration-ms="1" started-at="2017-11-08T21:10:14Z" data-provider="testData" finished-at="2017-11-08T21:10:14Z">
          <params>
            <param index="0">
              <value>
                <![CDATA[{"properties":["a","b"],"patternProperties":[],"hasAdditional":true}]]>
              </value>
            </param>
            <param index="1">
              <value>
                <![CDATA[{"properties":{"b":{"c":"d"},"a":{"d":"e"}},"additionalProperties":{"meh":null}}]]>
              </value>
            </param>
          </params>
          <reporter-output>
          </reporter-output>
        </test-method> <!-- digestsAreCorrectlyComputed -->
        <test-method status="PASS" signature="digestsAreCorrectlyComputed(com.fasterxml.jackson.databind.JsonNode, com.fasterxml.jackson.databind.JsonNode)[pri:0, instance:com.github.fge.jsonschema.processors.validation.ObjectSchemaDigesterTest@6a03bcb1]" name="digestsAreCorrectlyComputed" duration-ms="0" started-at="2017-11-08T21:10:14Z" data-provider="testData" finished-at="2017-11-08T21:10:14Z">
          <params>
            <param index="0">
              <value>
                <![CDATA[{"patternProperties":["a","b"],"properties":[],"hasAdditional":true}]]>
              </value>
            </param>
            <param index="1">
              <value>
                <![CDATA[{"patternProperties":{"a":{},"b":{"d":"e"}},"additionalProperties":{"foo":"bar"}}]]>
              </value>
            </param>
          </params>
          <reporter-output>
          </reporter-output>
        </test-method> <!-- digestsAreCorrectlyComputed -->
        <test-method status="PASS" signature="digestsAreCorrectlyComputed(com.fasterxml.jackson.databind.JsonNode, com.fasterxml.jackson.databind.JsonNode)[pri:0, instance:com.github.fge.jsonschema.processors.validation.ObjectSchemaDigesterTest@6a03bcb1]" name="digestsAreCorrectlyComputed" duration-ms="0" started-at="2017-11-08T21:10:14Z" data-provider="testData" finished-at="2017-11-08T21:10:14Z">
          <params>
            <param index="0">
              <value>
                <![CDATA[{"patternProperties":["a","b"],"properties":[],"hasAdditional":true}]]>
              </value>
            </param>
            <param index="1">
              <value>
                <![CDATA[{"patternProperties":{"a":{"c":"d"},"b":{}},"additionalProperties":{}}]]>
              </value>
            </param>
          </params>
          <reporter-output>
          </reporter-output>
        </test-method> <!-- digestsAreCorrectlyComputed -->
        <test-method status="PASS" signature="digestsAreCorrectlyComputed(com.fasterxml.jackson.databind.JsonNode, com.fasterxml.jackson.databind.JsonNode)[pri:0, instance:com.github.fge.jsonschema.processors.validation.ObjectSchemaDigesterTest@6a03bcb1]" name="digestsAreCorrectlyComputed" duration-ms="1" started-at="2017-11-08T21:10:14Z" data-provider="testData" finished-at="2017-11-08T21:10:14Z">
          <params>
            <param index="0">
              <value>
                <![CDATA[{"patternProperties":["a","b"],"properties":[],"hasAdditional":false}]]>
              </value>
            </param>
            <param index="1">
              <value>
                <![CDATA[{"patternProperties":{"a":{"c":"d"},"b":{"d":"e"}}}]]>
              </value>
            </param>
          </params>
          <reporter-output>
          </reporter-output>
        </test-method> <!-- digestsAreCorrectlyComputed -->
        <test-method status="PASS" signature="digestsAreCorrectlyComputed(com.fasterxml.jackson.databind.JsonNode, com.fasterxml.jackson.databind.JsonNode)[pri:0, instance:com.github.fge.jsonschema.processors.validation.ObjectSchemaDigesterTest@6a03bcb1]" name="digestsAreCorrectlyComputed" duration-ms="0" started-at="2017-11-08T21:10:14Z" data-provider="testData" finished-at="2017-11-08T21:10:14Z">
          <params>
            <param index="0">
              <value>
                <![CDATA[{"patternProperties":["a","b"],"properties":[],"hasAdditional":true}]]>
              </value>
            </param>
            <param index="1">
              <value>
                <![CDATA[{"patternProperties":{"b":{"c":"d"},"a":{"d":"e"}},"additionalProperties":{"meh":null}}]]>
              </value>
            </param>
          </params>
          <reporter-output>
          </reporter-output>
        </test-method> <!-- digestsAreCorrectlyComputed -->
        <test-method status="PASS" signature="digestsAreCorrectlyComputed(com.fasterxml.jackson.databind.JsonNode, com.fasterxml.jackson.databind.JsonNode)[pri:0, instance:com.github.fge.jsonschema.processors.validation.ObjectSchemaDigesterTest@6a03bcb1]" name="digestsAreCorrectlyComputed" duration-ms="0" started-at="2017-11-08T21:10:14Z" data-provider="testData" finished-at="2017-11-08T21:10:14Z">
          <params>
            <param index="0">
              <value>
                <![CDATA[{"patternProperties":["a","b"],"properties":[],"hasAdditional":false}]]>
              </value>
            </param>
            <param index="1">
              <value>
                <![CDATA[{"patternProperties":{"a":{"c":"d"},"b":{"d":"e"}},"additionalProperties":true}]]>
              </value>
            </param>
          </params>
          <reporter-output>
          </reporter-output>
        </test-method> <!-- digestsAreCorrectlyComputed -->
        <test-method status="PASS" signature="digestsAreCorrectlyComputed(com.fasterxml.jackson.databind.JsonNode, com.fasterxml.jackson.databind.JsonNode)[pri:0, instance:com.github.fge.jsonschema.processors.validation.ObjectSchemaDigesterTest@6a03bcb1]" name="digestsAreCorrectlyComputed" duration-ms="0" started-at="2017-11-08T21:10:14Z" data-provider="testData" finished-at="2017-11-08T21:10:14Z">
          <params>
            <param index="0">
              <value>
                <![CDATA[{"patternProperties":["a","b"],"properties":[],"hasAdditional":false}]]>
              </value>
            </param>
            <param index="1">
              <value>
                <![CDATA[{"patternProperties":{"b":{"c":"d"},"a":{"d":"e"}},"additionalProperties":false}]]>
              </value>
            </param>
          </params>
          <reporter-output>
          </reporter-output>
        </test-method> <!-- digestsAreCorrectlyComputed -->
        <test-method status="PASS" signature="digestsAreCorrectlyComputed(com.fasterxml.jackson.databind.JsonNode, com.fasterxml.jackson.databind.JsonNode)[pri:0, instance:com.github.fge.jsonschema.processors.validation.ObjectSchemaDigesterTest@6a03bcb1]" name="digestsAreCorrectlyComputed" duration-ms="0" started-at="2017-11-08T21:10:14Z" data-provider="testData" finished-at="2017-11-08T21:10:14Z">
          <params>
            <param index="0">
              <value>
                <![CDATA[{"patternProperties":["a","b"],"properties":["a","b"],"hasAdditional":true}]]>
              </value>
            </param>
            <param index="1">
              <value>
                <![CDATA[{"properties":{"a":{},"b":{}},"patternProperties":{"a":{},"b":{"d":"e"}},"additionalProperties":{"foo":"bar"}}]]>
              </value>
            </param>
          </params>
          <reporter-output>
          </reporter-output>
        </test-method> <!-- digestsAreCorrectlyComputed -->
        <test-method status="PASS" signature="digestsAreCorrectlyComputed(com.fasterxml.jackson.databind.JsonNode, com.fasterxml.jackson.databind.JsonNode)[pri:0, instance:com.github.fge.jsonschema.processors.validation.ObjectSchemaDigesterTest@6a03bcb1]" name="digestsAreCorrectlyComputed" duration-ms="1" started-at="2017-11-08T21:10:14Z" data-provider="testData" finished-at="2017-11-08T21:10:14Z">
          <params>
            <param index="0">
              <value>
                <![CDATA[{"patternProperties":["a","b"],"properties":["a","b"],"hasAdditional":true}]]>
              </value>
            </param>
            <param index="1">
              <value>
                <![CDATA[{"patternProperties":{"a":{"c":"d"},"b":{}},"properties":{"a":{},"b":{}},"additionalProperties":{}}]]>
              </value>
            </param>
          </params>
          <reporter-output>
          </reporter-output>
        </test-method> <!-- digestsAreCorrectlyComputed -->
        <test-method status="PASS" signature="digestsAreCorrectlyComputed(com.fasterxml.jackson.databind.JsonNode, com.fasterxml.jackson.databind.JsonNode)[pri:0, instance:com.github.fge.jsonschema.processors.validation.ObjectSchemaDigesterTest@6a03bcb1]" name="digestsAreCorrectlyComputed" duration-ms="0" started-at="2017-11-08T21:10:14Z" data-provider="testData" finished-at="2017-11-08T21:10:14Z">
          <params>
            <param index="0">
              <value>
                <![CDATA[{"patternProperties":["a","b"],"properties":["a","b"],"hasAdditional":true}]]>
              </value>
            </param>
            <param index="1">
              <value>
                <![CDATA[{"properties":{"a":{},"b":{}},"patternProperties":{"b":{"c":"d"},"a":{"d":"e"}},"additionalProperties":{"meh":null}}]]>
              </value>
            </param>
          </params>
          <reporter-output>
          </reporter-output>
        </test-method> <!-- digestsAreCorrectlyComputed -->
        <test-method status="PASS" signature="digestsAreCorrectlyComputed(com.fasterxml.jackson.databind.JsonNode, com.fasterxml.jackson.databind.JsonNode)[pri:0, instance:com.github.fge.jsonschema.processors.validation.ObjectSchemaDigesterTest@6a03bcb1]" name="digestsAreCorrectlyComputed" duration-ms="0" started-at="2017-11-08T21:10:14Z" data-provider="testData" finished-at="2017-11-08T21:10:14Z">
          <params>
            <param index="0">
              <value>
                <![CDATA[{"patternProperties":["a","b"],"properties":["a","b"],"hasAdditional":false}]]>
              </value>
            </param>
            <param index="1">
              <value>
                <![CDATA[{"patternProperties":{"a":{"c":"d"},"b":{"d":"e"}},"properties":{"a":{},"b":{}},"additionalProperties":true}]]>
              </value>
            </param>
          </params>
          <reporter-output>
          </reporter-output>
        </test-method> <!-- digestsAreCorrectlyComputed -->
        <test-method status="PASS" signature="digestsAreCorrectlyComputed(com.fasterxml.jackson.databind.JsonNode, com.fasterxml.jackson.databind.JsonNode)[pri:0, instance:com.github.fge.jsonschema.processors.validation.ObjectSchemaDigesterTest@6a03bcb1]" name="digestsAreCorrectlyComputed" duration-ms="0" started-at="2017-11-08T21:10:14Z" data-provider="testData" finished-at="2017-11-08T21:10:14Z">
          <params>
            <param index="0">
              <value>
                <![CDATA[{"patternProperties":["a","b"],"properties":["a","b"],"hasAdditional":false}]]>
              </value>
            </param>
            <param index="1">
              <value>
                <![CDATA[{"properties":{"a":{},"b":{}},"patternProperties":{"a":{"c":"d"},"b":{"d":"e"}}}]]>
              </value>
            </param>
          </params>
          <reporter-output>
          </reporter-output>
        </test-method> <!-- digestsAreCorrectlyComputed -->
        <test-method status="PASS" signature="digestsAreCorrectlyComputed(com.fasterxml.jackson.databind.JsonNode, com.fasterxml.jackson.databind.JsonNode)[pri:0, instance:com.github.fge.jsonschema.processors.validation.ObjectSchemaDigesterTest@6a03bcb1]" name="digestsAreCorrectlyComputed" duration-ms="0" started-at="2017-11-08T21:10:14Z" data-provider="testData" finished-at="2017-11-08T21:10:14Z">
          <params>
            <param index="0">
              <value>
                <![CDATA[{"patternProperties":["a","b"],"properties":["a","b"],"hasAdditional":false}]]>
              </value>
            </param>
            <param index="1">
              <value>
                <![CDATA[{"patternProperties":{"b":{"c":"d"},"a":{"d":"e"}},"properties":{"b":{},"a":{}},"additionalProperties":false}]]>
              </value>
            </param>
          </params>
          <reporter-output>
          </reporter-output>
        </test-method> <!-- digestsAreCorrectlyComputed -->
      </class> <!-- com.github.fge.jsonschema.processors.validation.ObjectSchemaDigesterTest -->
      <class name="com.github.fge.jsonschema.keyword.validator.common.AdditionalPropertiesValidatorTest">
        <test-method status="PASS" signature="keywordExists()[pri:0, instance:com.github.fge.jsonschema.keyword.validator.common.AdditionalPropertiesValidatorTest@13b6aecc]" name="keywordExists" duration-ms="0" started-at="2017-11-08T21:10:14Z" finished-at="2017-11-08T21:10:14Z">
          <reporter-output>
          </reporter-output>
        </test-method> <!-- keywordExists -->
        <test-method status="PASS" signature="instancesAreValidatedCorrectly(com.fasterxml.jackson.databind.JsonNode, com.fasterxml.jackson.databind.JsonNode, java.lang.String, boolean, com.fasterxml.jackson.databind.node.ObjectNode)[pri:0, instance:com.github.fge.jsonschema.keyword.validator.common.AdditionalPropertiesValidatorTest@13b6aecc]" name="instancesAreValidatedCorrectly" duration-ms="1" started-at="2017-11-08T21:10:14Z" data-provider="getValueTests" depends-on-methods="com.github.fge.jsonschema.keyword.validator.AbstractKeywordValidatorTest.keywordExists" finished-at="2017-11-08T21:10:14Z">
          <params>
            <param index="0">
              <value>
                <![CDATA[{"properties":["p1","p2"],"patternProperties":[],"additionalProperties":false}]]>
              </value>
            </param>
            <param index="1">
              <value>
                <![CDATA[{"p3":null}]]>
              </value>
            </param>
            <param index="2">
              <value>
                <![CDATA[object instance has properties which are not allowed by the schema: ["p3"]]]>
              </value>
            </param>
            <param index="3">
              <value>
                <![CDATA[false]]>
              </value>
            </param>
            <param index="4">
              <value>
                <![CDATA[{"unwanted":["p3"]}]]>
              </value>
            </param>
          </params>
          <reporter-output>
          </reporter-output>
        </test-method> <!-- instancesAreValidatedCorrectly -->
        <test-method status="PASS" signature="instancesAreValidatedCorrectly(com.fasterxml.jackson.databind.JsonNode, com.fasterxml.jackson.databind.JsonNode, java.lang.String, boolean, com.fasterxml.jackson.databind.node.ObjectNode)[pri:0, instance:com.github.fge.jsonschema.keyword.validator.common.AdditionalPropertiesValidatorTest@13b6aecc]" name="instancesAreValidatedCorrectly" duration-ms="1" started-at="2017-11-08T21:10:14Z" data-provider="getValueTests" depends-on-methods="com.github.fge.jsonschema.keyword.validator.AbstractKeywordValidatorTest.keywordExists" finished-at="2017-11-08T21:10:14Z">
          <params>
            <param index="0">
              <value>
                <![CDATA[{"properties":["p1","p2"],"patternProperties":[],"additionalProperties":false}]]>
              </value>
            </param>
            <param index="1">
              <value>
                <![CDATA[{"p1":null}]]>
              </value>
            </param>
            <param index="2">
              <value is-null="true"/>
            </param>
            <param index="3">
              <value>
                <![CDATA[true]]>
              </value>
            </param>
            <param index="4">
              <value is-null="true"/>
            </param>
          </params>
          <reporter-output>
          </reporter-output>
        </test-method> <!-- instancesAreValidatedCorrectly -->
        <test-method status="PASS" signature="instancesAreValidatedCorrectly(com.fasterxml.jackson.databind.JsonNode, com.fasterxml.jackson.databind.JsonNode, java.lang.String, boolean, com.fasterxml.jackson.databind.node.ObjectNode)[pri:0, instance:com.github.fge.jsonschema.keyword.validator.common.AdditionalPropertiesValidatorTest@13b6aecc]" name="instancesAreValidatedCorrectly" duration-ms="254" started-at="2017-11-08T21:10:14Z" data-provider="getValueTests" depends-on-methods="com.github.fge.jsonschema.keyword.validator.AbstractKeywordValidatorTest.keywordExists" finished-at="2017-11-08T21:10:14Z">
          <params>
            <param index="0">
              <value>
                <![CDATA[{"properties":[],"patternProperties":["^a"],"additionalProperties":false}]]>
              </value>
            </param>
            <param index="1">
              <value>
                <![CDATA[{"p":false}]]>
              </value>
            </param>
            <param index="2">
              <value>
                <![CDATA[object instance has properties which are not allowed by the schema: ["p"]]]>
              </value>
            </param>
            <param index="3">
              <value>
                <![CDATA[false]]>
              </value>
            </param>
            <param index="4">
              <value>
                <![CDATA[{"unwanted":["p"]}]]>
              </value>
            </param>
          </params>
          <reporter-output>
          </reporter-output>
        </test-method> <!-- instancesAreValidatedCorrectly -->
        <test-method status="PASS" signature="instancesAreValidatedCorrectly(com.fasterxml.jackson.databind.JsonNode, com.fasterxml.jackson.databind.JsonNode, java.lang.String, boolean, com.fasterxml.jackson.databind.node.ObjectNode)[pri:0, instance:com.github.fge.jsonschema.keyword.validator.common.AdditionalPropertiesValidatorTest@13b6aecc]" name="instancesAreValidatedCorrectly" duration-ms="1" started-at="2017-11-08T21:10:14Z" data-provider="getValueTests" depends-on-methods="com.github.fge.jsonschema.keyword.validator.AbstractKeywordValidatorTest.keywordExists" finished-at="2017-11-08T21:10:14Z">
          <params>
            <param index="0">
              <value>
                <![CDATA[{"properties":[],"patternProperties":["^a"],"additionalProperties":false}]]>
              </value>
            </param>
            <param index="1">
              <value>
                <![CDATA[{"a":false,"a1":null,"a3":null}]]>
              </value>
            </param>
            <param index="2">
              <value is-null="true"/>
            </param>
            <param index="3">
              <value>
                <![CDATA[true]]>
              </value>
            </param>
            <param index="4">
              <value is-null="true"/>
            </param>
          </params>
          <reporter-output>
          </reporter-output>
        </test-method> <!-- instancesAreValidatedCorrectly -->
        <test-method status="PASS" signature="instancesAreValidatedCorrectly(com.fasterxml.jackson.databind.JsonNode, com.fasterxml.jackson.databind.JsonNode, java.lang.String, boolean, com.fasterxml.jackson.databind.node.ObjectNode)[pri:0, instance:com.github.fge.jsonschema.keyword.validator.common.AdditionalPropertiesValidatorTest@13b6aecc]" name="instancesAreValidatedCorrectly" duration-ms="2" started-at="2017-11-08T21:10:14Z" data-provider="getValueTests" depends-on-methods="com.github.fge.jsonschema.keyword.validator.AbstractKeywordValidatorTest.keywordExists" finished-at="2017-11-08T21:10:14Z">
          <params>
            <param index="0">
              <value>
                <![CDATA[{"properties":["p"],"patternProperties":["^a","3$"],"additionalProperties":false}]]>
              </value>
            </param>
            <param index="1">
              <value>
                <![CDATA[{"p":"hello","a":false,"a1":null,"a3":null,"p1":"should not be there","p2":"neither","p3":"however, yes"}]]>
              </value>
            </param>
            <param index="2">
              <value>
                <![CDATA[object instance has properties which are not allowed by the schema: ["p1","p2"]]]>
              </value>
            </param>
            <param index="3">
              <value>
                <![CDATA[false]]>
              </value>
            </param>
            <param index="4">
              <value>
                <![CDATA[{"unwanted":["p1","p2"]}]]>
              </value>
            </param>
          </params>
          <reporter-output>
          </reporter-output>
        </test-method> <!-- instancesAreValidatedCorrectly -->
        <test-method status="PASS" signature="instancesAreValidatedCorrectly(com.fasterxml.jackson.databind.JsonNode, com.fasterxml.jackson.databind.JsonNode, java.lang.String, boolean, com.fasterxml.jackson.databind.node.ObjectNode)[pri:0, instance:com.github.fge.jsonschema.keyword.validator.common.AdditionalPropertiesValidatorTest@13b6aecc]" name="instancesAreValidatedCorrectly" duration-ms="0" started-at="2017-11-08T21:10:14Z" data-provider="getValueTests" depends-on-methods="com.github.fge.jsonschema.keyword.validator.AbstractKeywordValidatorTest.keywordExists" finished-at="2017-11-08T21:10:14Z">
          <params>
            <param index="0">
              <value>
                <![CDATA[{"properties":["p"],"patternProperties":["^a"],"additionalProperties":false}]]>
              </value>
            </param>
            <param index="1">
              <value>
                <![CDATA[{"a":false,"a1":null,"a3":null}]]>
              </value>
            </param>
            <param index="2">
              <value is-null="true"/>
            </param>
            <param index="3">
              <value>
                <![CDATA[true]]>
              </value>
            </param>
            <param index="4">
              <value is-null="true"/>
            </param>
          </params>
          <reporter-output>
          </reporter-output>
        </test-method> <!-- instancesAreValidatedCorrectly -->
        <test-method status="PASS" signature="instancesAreValidatedCorrectly(com.fasterxml.jackson.databind.JsonNode, com.fasterxml.jackson.databind.JsonNode, java.lang.String, boolean, com.fasterxml.jackson.databind.node.ObjectNode)[pri:0, instance:com.github.fge.jsonschema.keyword.validator.common.AdditionalPropertiesValidatorTest@13b6aecc]" name="instancesAreValidatedCorrectly" duration-ms="0" started-at="2017-11-08T21:10:14Z" data-provider="getValueTests" depends-on-methods="com.github.fge.jsonschema.keyword.validator.AbstractKeywordValidatorTest.keywordExists" finished-at="2017-11-08T21:10:14Z">
          <params>
            <param index="0">
              <value>
                <![CDATA[{"properties":[],"patternProperties":[],"additionalProperties":false}]]>
              </value>
            </param>
            <param index="1">
              <value>
                <![CDATA[{"p":false}]]>
              </value>
            </param>
            <param index="2">
              <value>
                <![CDATA[object instance has properties which are not allowed by the schema: ["p"]]]>
              </value>
            </param>
            <param index="3">
              <value>
                <![CDATA[false]]>
              </value>
            </param>
            <param index="4">
              <value>
                <![CDATA[{"unwanted":["p"]}]]>
              </value>
            </param>
          </params>
          <reporter-output>
          </reporter-output>
        </test-method> <!-- instancesAreValidatedCorrectly -->
        <test-method status="PASS" signature="instancesAreValidatedCorrectly(com.fasterxml.jackson.databind.JsonNode, com.fasterxml.jackson.databind.JsonNode, java.lang.String, boolean, com.fasterxml.jackson.databind.node.ObjectNode)[pri:0, instance:com.github.fge.jsonschema.keyword.validator.common.AdditionalPropertiesValidatorTest@13b6aecc]" name="instancesAreValidatedCorrectly" duration-ms="0" started-at="2017-11-08T21:10:14Z" data-provider="getValueTests" depends-on-methods="com.github.fge.jsonschema.keyword.validator.AbstractKeywordValidatorTest.keywordExists" finished-at="2017-11-08T21:10:14Z">
          <params>
            <param index="0">
              <value>
                <![CDATA[{"properties":[],"patternProperties":[],"additionalProperties":true}]]>
              </value>
            </param>
            <param index="1">
              <value>
                <![CDATA[{"p":true}]]>
              </value>
            </param>
            <param index="2">
              <value is-null="true"/>
            </param>
            <param index="3">
              <value>
                <![CDATA[true]]>
              </value>
            </param>
            <param index="4">
              <value is-null="true"/>
            </param>
          </params>
          <reporter-output>
          </reporter-output>
        </test-method> <!-- instancesAreValidatedCorrectly -->
        <test-method status="PASS" signature="instancesAreValidatedCorrectly(com.fasterxml.jackson.databind.JsonNode, com.fasterxml.jackson.databind.JsonNode, java.lang.String, boolean, com.fasterxml.jackson.databind.node.ObjectNode)[pri:0, instance:com.github.fge.jsonschema.keyword.validator.common.AdditionalPropertiesValidatorTest@13b6aecc]" name="instancesAreValidatedCorrectly" duration-ms="0" started-at="2017-11-08T21:10:14Z" data-provider="getValueTests" depends-on-methods="com.github.fge.jsonschema.keyword.validator.AbstractKeywordValidatorTest.keywordExists" finished-at="2017-11-08T21:10:14Z">
          <params>
            <param index="0">
              <value>
                <![CDATA[{"properties":[],"patternProperties":[],"additionalProperties":true}]]>
              </value>
            </param>
            <param index="1">
              <value>
                <![CDATA[{"p":true}]]>
              </value>
            </param>
            <param index="2">
              <value is-null="true"/>
            </param>
            <param index="3">
              <value>
                <![CDATA[true]]>
              </value>
            </param>
            <param index="4">
              <value is-null="true"/>
            </param>
          </params>
          <reporter-output>
          </reporter-output>
        </test-method> <!-- instancesAreValidatedCorrectly -->
      </class> <!-- com.github.fge.jsonschema.keyword.validator.common.AdditionalPropertiesValidatorTest -->
      <class name="com.github.fge.jsonschema.format.draftv4.IPv4Test">
        <test-method status="PASS" signature="formatAttributeIsSupported()[pri:0, instance:com.github.fge.jsonschema.format.draftv4.IPv4Test@62379589]" name="formatAttributeIsSupported" duration-ms="1" started-at="2017-11-08T21:10:13Z" finished-at="2017-11-08T21:10:13Z">
          <reporter-output>
          </reporter-output>
        </test-method> <!-- formatAttributeIsSupported -->
        <test-method status="PASS" signature="initReport()[pri:0, instance:com.github.fge.jsonschema.format.draftv4.IPv4Test@62379589]" name="initReport" is-config="true" duration-ms="0" started-at="2017-11-08T21:10:13Z" finished-at="2017-11-08T21:10:13Z">
          <reporter-output>
          </reporter-output>
        </test-method> <!-- initReport -->
        <test-method status="PASS" signature="instanceIsCorrectlyAnalyzed(com.fasterxml.jackson.databind.JsonNode, boolean, java.lang.String, com.fasterxml.jackson.databind.node.ObjectNode)[pri:0, instance:com.github.fge.jsonschema.format.draftv4.IPv4Test@62379589]" name="instanceIsCorrectlyAnalyzed" duration-ms="0" started-at="2017-11-08T21:10:14Z" data-provider="testData" depends-on-methods="com.github.fge.jsonschema.format.AbstractFormatAttributeTest.formatAttributeIsSupported" finished-at="2017-11-08T21:10:14Z">
          <params>
            <param index="0">
              <value>
                <![CDATA["10.121.13.3"]]>
              </value>
            </param>
            <param index="1">
              <value>
                <![CDATA[true]]>
              </value>
            </param>
            <param index="2">
              <value is-null="true"/>
            </param>
            <param index="3">
              <value is-null="true"/>
            </param>
          </params>
          <reporter-output>
          </reporter-output>
        </test-method> <!-- instanceIsCorrectlyAnalyzed -->
        <test-method status="PASS" signature="initReport()[pri:0, instance:com.github.fge.jsonschema.format.draftv4.IPv4Test@62379589]" name="initReport" is-config="true" duration-ms="0" started-at="2017-11-08T21:10:14Z" finished-at="2017-11-08T21:10:14Z">
          <reporter-output>
          </reporter-output>
        </test-method> <!-- initReport -->
        <test-method status="PASS" signature="instanceIsCorrectlyAnalyzed(com.fasterxml.jackson.databind.JsonNode, boolean, java.lang.String, com.fasterxml.jackson.databind.node.ObjectNode)[pri:0, instance:com.github.fge.jsonschema.format.draftv4.IPv4Test@62379589]" name="instanceIsCorrectlyAnalyzed" duration-ms="1" started-at="2017-11-08T21:10:14Z" data-provider="testData" depends-on-methods="com.github.fge.jsonschema.format.AbstractFormatAttributeTest.formatAttributeIsSupported" finished-at="2017-11-08T21:10:14Z">
          <params>
            <param index="0">
              <value>
                <![CDATA["256.1.1.1"]]>
              </value>
            </param>
            <param index="1">
              <value>
                <![CDATA[false]]>
              </value>
            </param>
            <param index="2">
              <value>
                <![CDATA[string "256.1.1.1" is not a valid IPv4 address]]>
              </value>
            </param>
            <param index="3">
              <value>
                <![CDATA[{"value":"256.1.1.1"}]]>
              </value>
            </param>
          </params>
          <reporter-output>
          </reporter-output>
        </test-method> <!-- instanceIsCorrectlyAnalyzed -->
        <test-method status="PASS" signature="initReport()[pri:0, instance:com.github.fge.jsonschema.format.draftv4.IPv4Test@62379589]" name="initReport" is-config="true" duration-ms="0" started-at="2017-11-08T21:10:14Z" finished-at="2017-11-08T21:10:14Z">
          <reporter-output>
          </reporter-output>
        </test-method> <!-- initReport -->
        <test-method status="PASS" signature="instanceIsCorrectlyAnalyzed(com.fasterxml.jackson.databind.JsonNode, boolean, java.lang.String, com.fasterxml.jackson.databind.node.ObjectNode)[pri:0, instance:com.github.fge.jsonschema.format.draftv4.IPv4Test@62379589]" name="instanceIsCorrectlyAnalyzed" duration-ms="1" started-at="2017-11-08T21:10:14Z" data-provider="testData" depends-on-methods="com.github.fge.jsonschema.format.AbstractFormatAttributeTest.formatAttributeIsSupported" finished-at="2017-11-08T21:10:14Z">
          <params>
            <param index="0">
              <value>
                <![CDATA["slashdot.org"]]>
              </value>
            </param>
            <param index="1">
              <value>
                <![CDATA[false]]>
              </value>
            </param>
            <param index="2">
              <value>
                <![CDATA[string "slashdot.org" is not a valid IPv4 address]]>
              </value>
            </param>
            <param index="3">
              <value>
                <![CDATA[{"value":"slashdot.org"}]]>
              </value>
            </param>
          </params>
          <reporter-output>
          </reporter-output>
        </test-method> <!-- instanceIsCorrectlyAnalyzed -->
        <test-method status="PASS" signature="initReport()[pri:0, instance:com.github.fge.jsonschema.format.draftv4.IPv4Test@62379589]" name="initReport" is-config="true" duration-ms="0" started-at="2017-11-08T21:10:14Z" finished-at="2017-11-08T21:10:14Z">
          <reporter-output>
          </reporter-output>
        </test-method> <!-- initReport -->
        <test-method status="PASS" signature="initReport()[pri:0, instance:com.github.fge.jsonschema.format.draftv4.IPv4Test@62379589]" name="initReport" is-config="true" duration-ms="0" started-at="2017-11-08T21:10:14Z" finished-at="2017-11-08T21:10:14Z">
          <reporter-output>
          </reporter-output>
        </test-method> <!-- initReport -->
        <test-method status="PASS" signature="instanceIsCorrectlyAnalyzed(com.fasterxml.jackson.databind.JsonNode, boolean, java.lang.String, com.fasterxml.jackson.databind.node.ObjectNode)[pri:0, instance:com.github.fge.jsonschema.format.draftv4.IPv4Test@62379589]" name="instanceIsCorrectlyAnalyzed" duration-ms="0" started-at="2017-11-08T21:10:14Z" data-provider="testData" depends-on-methods="com.github.fge.jsonschema.format.AbstractFormatAttributeTest.formatAttributeIsSupported" finished-at="2017-11-08T21:10:14Z">
          <params>
            <param index="0">
              <value>
                <![CDATA["ea31:aea::222"]]>
              </value>
            </param>
            <param index="1">
              <value>
                <![CDATA[false]]>
              </value>
            </param>
            <param index="2">
              <value>
                <![CDATA[string "ea31:aea::222" is not a valid IPv4 address]]>
              </value>
            </param>
            <param index="3">
              <value>
                <![CDATA[{"value":"ea31:aea::222"}]]>
              </value>
            </param>
          </params>
          <reporter-output>
          </reporter-output>
        </test-method> <!-- instanceIsCorrectlyAnalyzed -->
      </class> <!-- com.github.fge.jsonschema.format.draftv4.IPv4Test -->
      <class name="com.github.fge.jsonschema.keyword.validator.draftv4.MaxPropertiesValidatorTest">
        <test-method status="PASS" signature="keywordExists()[pri:0, instance:com.github.fge.jsonschema.keyword.validator.draftv4.MaxPropertiesValidatorTest@561b6512]" name="keywordExists" duration-ms="0" started-at="2017-11-08T21:10:13Z" finished-at="2017-11-08T21:10:13Z">
          <reporter-output>
          </reporter-output>
        </test-method> <!-- keywordExists -->
        <test-method status="PASS" signature="instancesAreValidatedCorrectly(com.fasterxml.jackson.databind.JsonNode, com.fasterxml.jackson.databind.JsonNode, java.lang.String, boolean, com.fasterxml.jackson.databind.node.ObjectNode)[pri:0, instance:com.github.fge.jsonschema.keyword.validator.draftv4.MaxPropertiesValidatorTest@561b6512]" name="instancesAreValidatedCorrectly" duration-ms="2" started-at="2017-11-08T21:10:14Z" data-provider="getValueTests" depends-on-methods="com.github.fge.jsonschema.keyword.validator.AbstractKeywordValidatorTest.keywordExists" finished-at="2017-11-08T21:10:14Z">
          <params>
            <param index="0">
              <value>
                <![CDATA[{"maxProperties":4}]]>
              </value>
            </param>
            <param index="1">
              <value>
                <![CDATA[{"one":1,"two":2,"three":3}]]>
              </value>
            </param>
            <param index="2">
              <value is-null="true"/>
            </param>
            <param index="3">
              <value>
                <![CDATA[true]]>
              </value>
            </param>
            <param index="4">
              <value is-null="true"/>
            </param>
          </params>
          <reporter-output>
          </reporter-output>
        </test-method> <!-- instancesAreValidatedCorrectly -->
        <test-method status="PASS" signature="instancesAreValidatedCorrectly(com.fasterxml.jackson.databind.JsonNode, com.fasterxml.jackson.databind.JsonNode, java.lang.String, boolean, com.fasterxml.jackson.databind.node.ObjectNode)[pri:0, instance:com.github.fge.jsonschema.keyword.validator.draftv4.MaxPropertiesValidatorTest@561b6512]" name="instancesAreValidatedCorrectly" duration-ms="1" started-at="2017-11-08T21:10:14Z" data-provider="getValueTests" depends-on-methods="com.github.fge.jsonschema.keyword.validator.AbstractKeywordValidatorTest.keywordExists" finished-at="2017-11-08T21:10:14Z">
          <params>
            <param index="0">
              <value>
                <![CDATA[{"maxProperties":4}]]>
              </value>
            </param>
            <param index="1">
              <value>
                <![CDATA[{"one":1,"two":2,"three":3,"four":4}]]>
              </value>
            </param>
            <param index="2">
              <value is-null="true"/>
            </param>
            <param index="3">
              <value>
                <![CDATA[true]]>
              </value>
            </param>
            <param index="4">
              <value is-null="true"/>
            </param>
          </params>
          <reporter-output>
          </reporter-output>
        </test-method> <!-- instancesAreValidatedCorrectly -->
        <test-method status="PASS" signature="instancesAreValidatedCorrectly(com.fasterxml.jackson.databind.JsonNode, com.fasterxml.jackson.databind.JsonNode, java.lang.String, boolean, com.fasterxml.jackson.databind.node.ObjectNode)[pri:0, instance:com.github.fge.jsonschema.keyword.validator.draftv4.MaxPropertiesValidatorTest@561b6512]" name="instancesAreValidatedCorrectly" duration-ms="1" started-at="2017-11-08T21:10:14Z" data-provider="getValueTests" depends-on-methods="com.github.fge.jsonschema.keyword.validator.AbstractKeywordValidatorTest.keywordExists" finished-at="2017-11-08T21:10:14Z">
          <params>
            <param index="0">
              <value>
                <![CDATA[{"maxProperties":4}]]>
              </value>
            </param>
            <param index="1">
              <value>
                <![CDATA[{"one":1,"two":2,"three":3,"four":4,"five":5}]]>
              </value>
            </param>
            <param index="2">
              <value>
                <![CDATA[object has too many properties (found 5 but schema requires at most 4)]]>
              </value>
            </param>
            <param index="3">
              <value>
                <![CDATA[false]]>
              </value>
            </param>
            <param index="4">
              <value>
                <![CDATA[{"required":4,"found":5}]]>
              </value>
            </param>
          </params>
          <reporter-output>
          </reporter-output>
        </test-method> <!-- instancesAreValidatedCorrectly -->
      </class> <!-- com.github.fge.jsonschema.keyword.validator.draftv4.MaxPropertiesValidatorTest -->
      <class name="com.github.fge.jsonschema.keyword.digest.draftv4.MultipleOfDigesterTest">
        <test-method status="PASS" signature="keywordExists()[pri:0, instance:com.github.fge.jsonschema.keyword.digest.draftv4.MultipleOfDigesterTest@489115ef]" name="keywordExists" duration-ms="0" started-at="2017-11-08T21:10:14Z" finished-at="2017-11-08T21:10:14Z">
          <reporter-output>
          </reporter-output>
        </test-method> <!-- keywordExists -->
        <test-method status="PASS" signature="digestsAreCorrectlyComputed(com.fasterxml.jackson.databind.JsonNode, com.fasterxml.jackson.databind.JsonNode)[pri:0, instance:com.github.fge.jsonschema.keyword.digest.draftv4.MultipleOfDigesterTest@489115ef]" name="digestsAreCorrectlyComputed" duration-ms="0" started-at="2017-11-08T21:10:14Z" data-provider="getTestData" depends-on-methods="com.github.fge.jsonschema.keyword.digest.AbstractDigesterTest.keywordExists" finished-at="2017-11-08T21:10:14Z">
          <params>
            <param index="0">
              <value>
                <![CDATA[{"multipleOf":1,"valueIsLong":true}]]>
              </value>
            </param>
            <param index="1">
              <value>
                <![CDATA[{"multipleOf":1}]]>
              </value>
            </param>
          </params>
          <reporter-output>
          </reporter-output>
        </test-method> <!-- digestsAreCorrectlyComputed -->
        <test-method status="PASS" signature="digestsAreCorrectlyComputed(com.fasterxml.jackson.databind.JsonNode, com.fasterxml.jackson.databind.JsonNode)[pri:0, instance:com.github.fge.jsonschema.keyword.digest.draftv4.MultipleOfDigesterTest@489115ef]" name="digestsAreCorrectlyComputed" duration-ms="0" started-at="2017-11-08T21:10:14Z" data-provider="getTestData" depends-on-methods="com.github.fge.jsonschema.keyword.digest.AbstractDigesterTest.keywordExists" finished-at="2017-11-08T21:10:14Z">
          <params>
            <param index="0">
              <value>
                <![CDATA[{"multipleOf":1,"valueIsLong":true}]]>
              </value>
            </param>
            <param index="1">
              <value>
                <![CDATA[{"multipleOf":1}]]>
              </value>
            </param>
          </params>
          <reporter-output>
          </reporter-output>
        </test-method> <!-- digestsAreCorrectlyComputed -->
        <test-method status="PASS" signature="digestsAreCorrectlyComputed(com.fasterxml.jackson.databind.JsonNode, com.fasterxml.jackson.databind.JsonNode)[pri:0, instance:com.github.fge.jsonschema.keyword.digest.draftv4.MultipleOfDigesterTest@489115ef]" name="digestsAreCorrectlyComputed" duration-ms="0" started-at="2017-11-08T21:10:14Z" data-provider="getTestData" depends-on-methods="com.github.fge.jsonschema.keyword.digest.AbstractDigesterTest.keywordExists" finished-at="2017-11-08T21:10:14Z">
          <params>
            <param index="0">
              <value>
                <![CDATA[{"multipleOf":1,"valueIsLong":true}]]>
              </value>
            </param>
            <param index="1">
              <value>
                <![CDATA[{"multipleOf":1,"foo":"bar"}]]>
              </value>
            </param>
          </params>
          <reporter-output>
          </reporter-output>
        </test-method> <!-- digestsAreCorrectlyComputed -->
        <test-method status="PASS" signature="digestsAreCorrectlyComputed(com.fasterxml.jackson.databind.JsonNode, com.fasterxml.jackson.databind.JsonNode)[pri:0, instance:com.github.fge.jsonschema.keyword.digest.draftv4.MultipleOfDigesterTest@489115ef]" name="digestsAreCorrectlyComputed" duration-ms="0" started-at="2017-11-08T21:10:14Z" data-provider="getTestData" depends-on-methods="com.github.fge.jsonschema.keyword.digest.AbstractDigesterTest.keywordExists" finished-at="2017-11-08T21:10:14Z">
          <params>
            <param index="0">
              <value>
                <![CDATA[{"multipleOf":2147483648,"valueIsLong":true}]]>
              </value>
            </param>
            <param index="1">
              <value>
                <![CDATA[{"multipleOf":2147483648}]]>
              </value>
            </param>
          </params>
          <reporter-output>
          </reporter-output>
        </test-method> <!-- digestsAreCorrectlyComputed -->
        <test-method status="PASS" signature="digestsAreCorrectlyComputed(com.fasterxml.jackson.databind.JsonNode, com.fasterxml.jackson.databind.JsonNode)[pri:0, instance:com.github.fge.jsonschema.keyword.digest.draftv4.MultipleOfDigesterTest@489115ef]" name="digestsAreCorrectlyComputed" duration-ms="0" started-at="2017-11-08T21:10:14Z" data-provider="getTestData" depends-on-methods="com.github.fge.jsonschema.keyword.digest.AbstractDigesterTest.keywordExists" finished-at="2017-11-08T21:10:14Z">
          <params>
            <param index="0">
              <value>
                <![CDATA[{"multipleOf":2147483648,"valueIsLong":true}]]>
              </value>
            </param>
            <param index="1">
              <value>
                <![CDATA[{"multipleOf":2147483648}]]>
              </value>
            </param>
          </params>
          <reporter-output>
          </reporter-output>
        </test-method> <!-- digestsAreCorrectlyComputed -->
        <test-method status="PASS" signature="digestsAreCorrectlyComputed(com.fasterxml.jackson.databind.JsonNode, com.fasterxml.jackson.databind.JsonNode)[pri:0, instance:com.github.fge.jsonschema.keyword.digest.draftv4.MultipleOfDigesterTest@489115ef]" name="digestsAreCorrectlyComputed" duration-ms="1" started-at="2017-11-08T21:10:14Z" data-provider="getTestData" depends-on-methods="com.github.fge.jsonschema.keyword.digest.AbstractDigesterTest.keywordExists" finished-at="2017-11-08T21:10:14Z">
          <params>
            <param index="0">
              <value>
                <![CDATA[{"multipleOf":9223372036854775808,"valueIsLong":false}]]>
              </value>
            </param>
            <param index="1">
              <value>
                <![CDATA[{"multipleOf":9223372036854775808}]]>
              </value>
            </param>
          </params>
          <reporter-output>
          </reporter-output>
        </test-method> <!-- digestsAreCorrectlyComputed -->
        <test-method status="PASS" signature="digestsAreCorrectlyComputed(com.fasterxml.jackson.databind.JsonNode, com.fasterxml.jackson.databind.JsonNode)[pri:0, instance:com.github.fge.jsonschema.keyword.digest.draftv4.MultipleOfDigesterTest@489115ef]" name="digestsAreCorrectlyComputed" duration-ms="0" started-at="2017-11-08T21:10:14Z" data-provider="getTestData" depends-on-methods="com.github.fge.jsonschema.keyword.digest.AbstractDigesterTest.keywordExists" finished-at="2017-11-08T21:10:14Z">
          <params>
            <param index="0">
              <value>
                <![CDATA[{"multipleOf":2147483648,"valueIsLong":true}]]>
              </value>
            </param>
            <param index="1">
              <value>
                <![CDATA[{"multipleOf":2147483648,"foo":"bar"}]]>
              </value>
            </param>
          </params>
          <reporter-output>
          </reporter-output>
        </test-method> <!-- digestsAreCorrectlyComputed -->
        <test-method status="PASS" signature="digestsAreCorrectlyComputed(com.fasterxml.jackson.databind.JsonNode, com.fasterxml.jackson.databind.JsonNode)[pri:0, instance:com.github.fge.jsonschema.keyword.digest.draftv4.MultipleOfDigesterTest@489115ef]" name="digestsAreCorrectlyComputed" duration-ms="0" started-at="2017-11-08T21:10:14Z" data-provider="getTestData" depends-on-methods="com.github.fge.jsonschema.keyword.digest.AbstractDigesterTest.keywordExists" finished-at="2017-11-08T21:10:14Z">
          <params>
            <param index="0">
              <value>
                <![CDATA[{"multipleOf":9223372036854775808,"valueIsLong":false}]]>
              </value>
            </param>
            <param index="1">
              <value>
                <![CDATA[{"multipleOf":9223372036854775808}]]>
              </value>
            </param>
          </params>
          <reporter-output>
          </reporter-output>
        </test-method> <!-- digestsAreCorrectlyComputed -->
      </class> <!-- com.github.fge.jsonschema.keyword.digest.draftv4.MultipleOfDigesterTest -->
      <class name="com.github.fge.jsonschema.keyword.validator.common.UniqueItemsValidatorTest">
        <test-method status="PASS" signature="keywordExists()[pri:0, instance:com.github.fge.jsonschema.keyword.validator.common.UniqueItemsValidatorTest@58a9760d]" name="keywordExists" duration-ms="0" started-at="2017-11-08T21:10:14Z" finished-at="2017-11-08T21:10:14Z">
          <reporter-output>
          </reporter-output>
        </test-method> <!-- keywordExists -->
        <test-method status="PASS" signature="instancesAreValidatedCorrectly(com.fasterxml.jackson.databind.JsonNode, com.fasterxml.jackson.databind.JsonNode, java.lang.String, boolean, com.fasterxml.jackson.databind.node.ObjectNode)[pri:0, instance:com.github.fge.jsonschema.keyword.validator.common.UniqueItemsValidatorTest@58a9760d]" name="instancesAreValidatedCorrectly" duration-ms="0" started-at="2017-11-08T21:10:14Z" data-provider="getValueTests" depends-on-methods="com.github.fge.jsonschema.keyword.validator.AbstractKeywordValidatorTest.keywordExists" finished-at="2017-11-08T21:10:14Z">
          <params>
            <param index="0">
              <value>
                <![CDATA[{"uniqueItems":true}]]>
              </value>
            </param>
            <param index="1">
              <value>
                <![CDATA[[1,2,3]]]>
              </value>
            </param>
            <param index="2">
              <value is-null="true"/>
            </param>
            <param index="3">
              <value>
                <![CDATA[true]]>
              </value>
            </param>
            <param index="4">
              <value is-null="true"/>
            </param>
          </params>
          <reporter-output>
          </reporter-output>
        </test-method> <!-- instancesAreValidatedCorrectly -->
        <test-method status="PASS" signature="instancesAreValidatedCorrectly(com.fasterxml.jackson.databind.JsonNode, com.fasterxml.jackson.databind.JsonNode, java.lang.String, boolean, com.fasterxml.jackson.databind.node.ObjectNode)[pri:0, instance:com.github.fge.jsonschema.keyword.validator.common.UniqueItemsValidatorTest@58a9760d]" name="instancesAreValidatedCorrectly" duration-ms="1" started-at="2017-11-08T21:10:14Z" data-provider="getValueTests" depends-on-methods="com.github.fge.jsonschema.keyword.validator.AbstractKeywordValidatorTest.keywordExists" finished-at="2017-11-08T21:10:14Z">
          <params>
            <param index="0">
              <value>
                <![CDATA[{"uniqueItems":false}]]>
              </value>
            </param>
            <param index="1">
              <value>
                <![CDATA[[1,2,1]]]>
              </value>
            </param>
            <param index="2">
              <value is-null="true"/>
            </param>
            <param index="3">
              <value>
                <![CDATA[true]]>
              </value>
            </param>
            <param index="4">
              <value is-null="true"/>
            </param>
          </params>
          <reporter-output>
          </reporter-output>
        </test-method> <!-- instancesAreValidatedCorrectly -->
        <test-method status="PASS" signature="instancesAreValidatedCorrectly(com.fasterxml.jackson.databind.JsonNode, com.fasterxml.jackson.databind.JsonNode, java.lang.String, boolean, com.fasterxml.jackson.databind.node.ObjectNode)[pri:0, instance:com.github.fge.jsonschema.keyword.validator.common.UniqueItemsValidatorTest@58a9760d]" name="instancesAreValidatedCorrectly" duration-ms="0" started-at="2017-11-08T21:10:14Z" data-provider="getValueTests" depends-on-methods="com.github.fge.jsonschema.keyword.validator.AbstractKeywordValidatorTest.keywordExists" finished-at="2017-11-08T21:10:14Z">
          <params>
            <param index="0">
              <value>
                <![CDATA[{"uniqueItems":true}]]>
              </value>
            </param>
            <param index="1">
              <value>
                <![CDATA[[1,1]]]>
              </value>
            </param>
            <param index="2">
              <value>
                <![CDATA[array must not contain duplicate elements]]>
              </value>
            </param>
            <param index="3">
              <value>
                <![CDATA[false]]>
              </value>
            </param>
            <param index="4">
              <value>
                <![CDATA[{}]]>
              </value>
            </param>
          </params>
          <reporter-output>
          </reporter-output>
        </test-method> <!-- instancesAreValidatedCorrectly -->
      </class> <!-- com.github.fge.jsonschema.keyword.validator.common.UniqueItemsValidatorTest -->
      <class name="com.github.fge.jsonschema.keyword.digest.common.AdditionalItemsDigesterTest">
        <test-method status="PASS" signature="keywordExists()[pri:0, instance:com.github.fge.jsonschema.keyword.digest.common.AdditionalItemsDigesterTest@7586beff]" name="keywordExists" duration-ms="23" started-at="2017-11-08T21:10:11Z" finished-at="2017-11-08T21:10:11Z">
          <reporter-output>
          </reporter-output>
        </test-method> <!-- keywordExists -->
[...]
          <params>
            <param index="0">
              <value>
                <![CDATA[{"multipleOf":1.1,"valueIsLong":false}]]>
              </value>
            </param>
            <param index="1">
              <value>
                <![CDATA[3]]>
              </value>
            </param>
            <param index="2">
              <value>
                <![CDATA[remainder of division is not zero (3 / 1.1)]]>
              </value>
            </param>
            <param index="3">
              <value>
                <![CDATA[false]]>
              </value>
            </param>
            <param index="4">
              <value>
                <![CDATA[{"value":3,"divisor":1.1}]]>
              </value>
            </param>
          </params>
          <reporter-output>
          </reporter-output>
        </test-method> <!-- instancesAreValidatedCorrectly -->
        <test-method status="PASS" signature="instancesAreValidatedCorrectly(com.fasterxml.jackson.databind.JsonNode, com.fasterxml.jackson.databind.JsonNode, java.lang.String, boolean, com.fasterxml.jackson.databind.node.ObjectNode)[pri:0, instance:com.github.fge.jsonschema.keyword.validator.draftv4.MultipleOfValidatorTest@49e5f737]" name="instancesAreValidatedCorrectly" duration-ms="1" started-at="2017-11-08T21:10:14Z" data-provider="getValueTests" depends-on-methods="com.github.fge.jsonschema.keyword.validator.AbstractKeywordValidatorTest.keywordExists" finished-at="2017-11-08T21:10:14Z">
          <params>
            <param index="0">
              <value>
                <![CDATA[{"multipleOf":9812938091283098.1,"valueIsLong":false}]]>
              </value>
            </param>
            <param index="1">
              <value>
                <![CDATA[9812938091283098.11]]>
              </value>
            </param>
            <param index="2">
              <value>
                <![CDATA[remainder of division is not zero (9812938091283098.11 / 9812938091283098.1)]]>
              </value>
            </param>
            <param index="3">
              <value>
                <![CDATA[false]]>
              </value>
            </param>
            <param index="4">
              <value>
                <![CDATA[{"value":9812938091283098.11,"divisor":9812938091283098.1}]]>
              </value>
            </param>
          </params>
          <reporter-output>
          </reporter-output>
        </test-method> <!-- instancesAreValidatedCorrectly -->
      </class> <!-- com.github.fge.jsonschema.keyword.validator.draftv4.MultipleOfValidatorTest -->
      <class name="com.github.fge.jsonschema.keyword.digest.common.MaximumDigesterTest">
        <test-method status="PASS" signature="keywordExists()[pri:0, instance:com.github.fge.jsonschema.keyword.digest.common.MaximumDigesterTest@1573f9fc]" name="keywordExists" duration-ms="0" started-at="2017-11-08T21:10:13Z" finished-at="2017-11-08T21:10:13Z">
          <reporter-output>
          </reporter-output>
        </test-method> <!-- keywordExists -->
        <test-method status="PASS" signature="digestsAreCorrectlyComputed(com.fasterxml.jackson.databind.JsonNode, com.fasterxml.jackson.databind.JsonNode)[pri:0, instance:com.github.fge.jsonschema.keyword.digest.common.MaximumDigesterTest@1573f9fc]" name="digestsAreCorrectlyComputed" duration-ms="0" started-at="2017-11-08T21:10:13Z" data-provider="getTestData" depends-on-methods="com.github.fge.jsonschema.keyword.digest.AbstractDigesterTest.keywordExists" finished-at="2017-11-08T21:10:13Z">
          <params>
            <param index="0">
              <value>
                <![CDATA[{"maximum":0,"valueIsLong":true,"exclusive":false}]]>
              </value>
            </param>
            <param index="1">
              <value>
                <![CDATA[{"maximum":0}]]>
              </value>
            </param>
          </params>
          <reporter-output>
          </reporter-output>
        </test-method> <!-- digestsAreCorrectlyComputed -->
        <test-method status="PASS" signature="digestsAreCorrectlyComputed(com.fasterxml.jackson.databind.JsonNode, com.fasterxml.jackson.databind.JsonNode)[pri:0, instance:com.github.fge.jsonschema.keyword.digest.common.MaximumDigesterTest@1573f9fc]" name="digestsAreCorrectlyComputed" duration-ms="0" started-at="2017-11-08T21:10:13Z" data-provider="getTestData" depends-on-methods="com.github.fge.jsonschema.keyword.digest.AbstractDigesterTest.keywordExists" finished-at="2017-11-08T21:10:13Z">
          <params>
            <param index="0">
              <value>
                <![CDATA[{"maximum":0,"valueIsLong":true,"exclusive":false}]]>
              </value>
            </param>
            <param index="1">
              <value>
                <![CDATA[{"maximum":0,"exclusiveMaximum":false}]]>
              </value>
            </param>
          </params>
          <reporter-output>
          </reporter-output>
        </test-method> <!-- digestsAreCorrectlyComputed -->
        <test-method status="PASS" signature="digestsAreCorrectlyComputed(com.fasterxml.jackson.databind.JsonNode, com.fasterxml.jackson.databind.JsonNode)[pri:0, instance:com.github.fge.jsonschema.keyword.digest.common.MaximumDigesterTest@1573f9fc]" name="digestsAreCorrectlyComputed" duration-ms="0" started-at="2017-11-08T21:10:13Z" data-provider="getTestData" depends-on-methods="com.github.fge.jsonschema.keyword.digest.AbstractDigesterTest.keywordExists" finished-at="2017-11-08T21:10:13Z">
          <params>
            <param index="0">
              <value>
                <![CDATA[{"maximum":0,"valueIsLong":true,"exclusive":false}]]>
              </value>
            </param>
            <param index="1">
              <value>
                <![CDATA[{"maximum":0}]]>
              </value>
            </param>
          </params>
          <reporter-output>
          </reporter-output>
        </test-method> <!-- digestsAreCorrectlyComputed -->
        <test-method status="PASS" signature="digestsAreCorrectlyComputed(com.fasterxml.jackson.databind.JsonNode, com.fasterxml.jackson.databind.JsonNode)[pri:0, instance:com.github.fge.jsonschema.keyword.digest.common.MaximumDigesterTest@1573f9fc]" name="digestsAreCorrectlyComputed" duration-ms="0" started-at="2017-11-08T21:10:13Z" data-provider="getTestData" depends-on-methods="com.github.fge.jsonschema.keyword.digest.AbstractDigesterTest.keywordExists" finished-at="2017-11-08T21:10:13Z">
          <params>
            <param index="0">
              <value>
                <![CDATA[{"maximum":0,"valueIsLong":true,"exclusive":false}]]>
              </value>
            </param>
            <param index="1">
              <value>
                <![CDATA[{"maximum":0}]]>
              </value>
            </param>
          </params>
          <reporter-output>
          </reporter-output>
        </test-method> <!-- digestsAreCorrectlyComputed -->
        <test-method status="PASS" signature="digestsAreCorrectlyComputed(com.fasterxml.jackson.databind.JsonNode, com.fasterxml.jackson.databind.JsonNode)[pri:0, instance:com.github.fge.jsonschema.keyword.digest.common.MaximumDigesterTest@1573f9fc]" name="digestsAreCorrectlyComputed" duration-ms="0" started-at="2017-11-08T21:10:13Z" data-provider="getTestData" depends-on-methods="com.github.fge.jsonschema.keyword.digest.AbstractDigesterTest.keywordExists" finished-at="2017-11-08T21:10:13Z">
          <params>
            <param index="0">
              <value>
                <![CDATA[{"maximum":0,"valueIsLong":true,"exclusive":false}]]>
              </value>
            </param>
            <param index="1">
              <value>
                <![CDATA[{"maximum":0,"foo":"bar"}]]>
              </value>
            </param>
          </params>
          <reporter-output>
          </reporter-output>
        </test-method> <!-- digestsAreCorrectlyComputed -->
        <test-method status="PASS" signature="digestsAreCorrectlyComputed(com.fasterxml.jackson.databind.JsonNode, com.fasterxml.jackson.databind.JsonNode)[pri:0, instance:com.github.fge.jsonschema.keyword.digest.common.MaximumDigesterTest@1573f9fc]" name="digestsAreCorrectlyComputed" duration-ms="0" started-at="2017-11-08T21:10:13Z" data-provider="getTestData" depends-on-methods="com.github.fge.jsonschema.keyword.digest.AbstractDigesterTest.keywordExists" finished-at="2017-11-08T21:10:13Z">
          <params>
            <param index="0">
              <value>
                <![CDATA[{"maximum":1,"valueIsLong":true,"exclusive":false}]]>
              </value>
            </param>
            <param index="1">
              <value>
                <![CDATA[{"maximum":1}]]>
              </value>
            </param>
          </params>
          <reporter-output>
          </reporter-output>
        </test-method> <!-- digestsAreCorrectlyComputed -->
        <test-method status="PASS" signature="digestsAreCorrectlyComputed(com.fasterxml.jackson.databind.JsonNode, com.fasterxml.jackson.databind.JsonNode)[pri:0, instance:com.github.fge.jsonschema.keyword.digest.common.MaximumDigesterTest@1573f9fc]" name="digestsAreCorrectlyComputed" duration-ms="0" started-at="2017-11-08T21:10:13Z" data-provider="getTestData" depends-on-methods="com.github.fge.jsonschema.keyword.digest.AbstractDigesterTest.keywordExists" finished-at="2017-11-08T21:10:13Z">
          <params>
            <param index="0">
              <value>
                <![CDATA[{"maximum":1,"valueIsLong":true,"exclusive":false}]]>
              </value>
            </param>
            <param index="1">
              <value>
                <![CDATA[{"maximum":1,"exclusiveMaximum":false}]]>
              </value>
            </param>
          </params>
          <reporter-output>
          </reporter-output>
        </test-method> <!-- digestsAreCorrectlyComputed -->
        <test-method status="PASS" signature="digestsAreCorrectlyComputed(com.fasterxml.jackson.databind.JsonNode, com.fasterxml.jackson.databind.JsonNode)[pri:0, instance:com.github.fge.jsonschema.keyword.digest.common.MaximumDigesterTest@1573f9fc]" name="digestsAreCorrectlyComputed" duration-ms="6" started-at="2017-11-08T21:10:13Z" data-provider="getTestData" depends-on-methods="com.github.fge.jsonschema.keyword.digest.AbstractDigesterTest.keywordExists" finished-at="2017-11-08T21:10:13Z">
          <params>
            <param index="0">
              <value>
                <![CDATA[{"maximum":1,"valueIsLong":true,"exclusive":false}]]>
              </value>
            </param>
            <param index="1">
              <value>
                <![CDATA[{"maximum":1}]]>
              </value>
            </param>
          </params>
          <reporter-output>
          </reporter-output>
        </test-method> <!-- digestsAreCorrectlyComputed -->
        <test-method status="PASS" signature="digestsAreCorrectlyComputed(com.fasterxml.jackson.databind.JsonNode, com.fasterxml.jackson.databind.JsonNode)[pri:0, instance:com.github.fge.jsonschema.keyword.digest.common.MaximumDigesterTest@1573f9fc]" name="digestsAreCorrectlyComputed" duration-ms="0" started-at="2017-11-08T21:10:13Z" data-provider="getTestData" depends-on-methods="com.github.fge.jsonschema.keyword.digest.AbstractDigesterTest.keywordExists" finished-at="2017-11-08T21:10:13Z">
          <params>
            <param index="0">
              <value>
                <![CDATA[{"maximum":1,"valueIsLong":true,"exclusive":false}]]>
              </value>
            </param>
            <param index="1">
              <value>
                <![CDATA[{"maximum":1,"foo":"bar"}]]>
              </value>
            </param>
          </params>
          <reporter-output>
          </reporter-output>
        </test-method> <!-- digestsAreCorrectlyComputed -->
        <test-method status="PASS" signature="digestsAreCorrectlyComputed(com.fasterxml.jackson.databind.JsonNode, com.fasterxml.jackson.databind.JsonNode)[pri:0, instance:com.github.fge.jsonschema.keyword.digest.common.MaximumDigesterTest@1573f9fc]" name="digestsAreCorrectlyComputed" duration-ms="1" started-at="2017-11-08T21:10:13Z" data-provider="getTestData" depends-on-methods="com.github.fge.jsonschema.keyword.digest.AbstractDigesterTest.keywordExists" finished-at="2017-11-08T21:10:13Z">
          <params>
            <param index="0">
              <value>
                <![CDATA[{"maximum":2147483648,"valueIsLong":true,"exclusive":false}]]>
              </value>
            </param>
            <param index="1">
              <value>
                <![CDATA[{"maximum":2147483648}]]>
              </value>
            </param>
          </params>
          <reporter-output>
          </reporter-output>
        </test-method> <!-- digestsAreCorrectlyComputed -->
        <test-method status="PASS" signature="digestsAreCorrectlyComputed(com.fasterxml.jackson.databind.JsonNode, com.fasterxml.jackson.databind.JsonNode)[pri:0, instance:com.github.fge.jsonschema.keyword.digest.common.MaximumDigesterTest@1573f9fc]" name="digestsAreCorrectlyComputed" duration-ms="0" started-at="2017-11-08T21:10:13Z" data-provider="getTestData" depends-on-methods="com.github.fge.jsonschema.keyword.digest.AbstractDigesterTest.keywordExists" finished-at="2017-11-08T21:10:13Z">
          <params>
            <param index="0">
              <value>
                <![CDATA[{"maximum":2147483648,"valueIsLong":true,"exclusive":false}]]>
              </value>
            </param>
            <param index="1">
              <value>
                <![CDATA[{"maximum":2147483648,"exclusiveMaximum":false}]]>
              </value>
            </param>
          </params>
          <reporter-output>
          </reporter-output>
        </test-method> <!-- digestsAreCorrectlyComputed -->
        <test-method status="PASS" signature="digestsAreCorrectlyComputed(com.fasterxml.jackson.databind.JsonNode, com.fasterxml.jackson.databind.JsonNode)[pri:0, instance:com.github.fge.jsonschema.keyword.digest.common.MaximumDigesterTest@1573f9fc]" name="digestsAreCorrectlyComputed" duration-ms="17" started-at="2017-11-08T21:10:13Z" data-provider="getTestData" depends-on-methods="com.github.fge.jsonschema.keyword.digest.AbstractDigesterTest.keywordExists" finished-at="2017-11-08T21:10:14Z">
          <params>
            <param index="0">
              <value>
                <![CDATA[{"maximum":2147483648,"valueIsLong":true,"exclusive":false}]]>
              </value>
            </param>
            <param index="1">
              <value>
                <![CDATA[{"maximum":2147483648}]]>
              </value>
            </param>
          </params>
          <reporter-output>
          </reporter-output>
        </test-method> <!-- digestsAreCorrectlyComputed -->
        <test-method status="PASS" signature="digestsAreCorrectlyComputed(com.fasterxml.jackson.databind.JsonNode, com.fasterxml.jackson.databind.JsonNode)[pri:0, instance:com.github.fge.jsonschema.keyword.digest.common.MaximumDigesterTest@1573f9fc]" name="digestsAreCorrectlyComputed" duration-ms="1" started-at="2017-11-08T21:10:14Z" data-provider="getTestData" depends-on-methods="com.github.fge.jsonschema.keyword.digest.AbstractDigesterTest.keywordExists" finished-at="2017-11-08T21:10:14Z">
          <params>
            <param index="0">
              <value>
                <![CDATA[{"maximum":2147483648,"valueIsLong":true,"exclusive":false}]]>
              </value>
            </param>
            <param index="1">
              <value>
                <![CDATA[{"maximum":2147483648,"foo":"bar"}]]>
              </value>
            </param>
          </params>
          <reporter-output>
          </reporter-output>
        </test-method> <!-- digestsAreCorrectlyComputed -->
        <test-method status="PASS" signature="digestsAreCorrectlyComputed(com.fasterxml.jackson.databind.JsonNode, com.fasterxml.jackson.databind.JsonNode)[pri:0, instance:com.github.fge.jsonschema.keyword.digest.common.MaximumDigesterTest@1573f9fc]" name="digestsAreCorrectlyComputed" duration-ms="0" started-at="2017-11-08T21:10:14Z" data-provider="getTestData" depends-on-methods="com.github.fge.jsonschema.keyword.digest.AbstractDigesterTest.keywordExists" finished-at="2017-11-08T21:10:14Z">
          <params>
            <param index="0">
              <value>
                <![CDATA[{"maximum":2.1,"valueIsLong":false,"exclusive":true}]]>
              </value>
            </param>
            <param index="1">
              <value>
                <![CDATA[{"maximum":2.1,"exclusiveMaximum":true}]]>
              </value>
            </param>
          </params>
          <reporter-output>
          </reporter-output>
        </test-method> <!-- digestsAreCorrectlyComputed -->
        <test-method status="PASS" signature="digestsAreCorrectlyComputed(com.fasterxml.jackson.databind.JsonNode, com.fasterxml.jackson.databind.JsonNode)[pri:0, instance:com.github.fge.jsonschema.keyword.digest.common.MaximumDigesterTest@1573f9fc]" name="digestsAreCorrectlyComputed" duration-ms="0" started-at="2017-11-08T21:10:14Z" data-provider="getTestData" depends-on-methods="com.github.fge.jsonschema.keyword.digest.AbstractDigesterTest.keywordExists" finished-at="2017-11-08T21:10:14Z">
          <params>
            <param index="0">
              <value>
                <![CDATA[{"maximum":2.1,"valueIsLong":false,"exclusive":true}]]>
              </value>
            </param>
            <param index="1">
              <value>
                <![CDATA[{"maximum":2.1,"exclusiveMaximum":true}]]>
              </value>
            </param>
          </params>
          <reporter-output>
          </reporter-output>
        </test-method> <!-- digestsAreCorrectlyComputed -->
        <test-method status="PASS" signature="digestsAreCorrectlyComputed(com.fasterxml.jackson.databind.JsonNode, com.fasterxml.jackson.databind.JsonNode)[pri:0, instance:com.github.fge.jsonschema.keyword.digest.common.MaximumDigesterTest@1573f9fc]" name="digestsAreCorrectlyComputed" duration-ms="1" started-at="2017-11-08T21:10:14Z" data-provider="getTestData" depends-on-methods="com.github.fge.jsonschema.keyword.digest.AbstractDigesterTest.keywordExists" finished-at="2017-11-08T21:10:14Z">
          <params>
            <param index="0">
              <value>
                <![CDATA[{"maximum":9223372036854775808,"valueIsLong":false,"exclusive":false}]]>
              </value>
            </param>
            <param index="1">
              <value>
                <![CDATA[{"maximum":9223372036854775808}]]>
              </value>
            </param>
          </params>
          <reporter-output>
          </reporter-output>
        </test-method> <!-- digestsAreCorrectlyComputed -->
        <test-method status="PASS" signature="digestsAreCorrectlyComputed(com.fasterxml.jackson.databind.JsonNode, com.fasterxml.jackson.databind.JsonNode)[pri:0, instance:com.github.fge.jsonschema.keyword.digest.common.MaximumDigesterTest@1573f9fc]" name="digestsAreCorrectlyComputed" duration-ms="0" started-at="2017-11-08T21:10:14Z" data-provider="getTestData" depends-on-methods="com.github.fge.jsonschema.keyword.digest.AbstractDigesterTest.keywordExists" finished-at="2017-11-08T21:10:14Z">
          <params>
            <param index="0">
              <value>
                <![CDATA[{"maximum":9223372036854775808,"valueIsLong":false,"exclusive":false}]]>
              </value>
            </param>
            <param index="1">
              <value>
                <![CDATA[{"maximum":9223372036854775808}]]>
              </value>
            </param>
          </params>
          <reporter-output>
          </reporter-output>
        </test-method> <!-- digestsAreCorrectlyComputed -->
      </class> <!-- com.github.fge.jsonschema.keyword.digest.common.MaximumDigesterTest -->
    </test> <!-- Command line test -->
  </suite> <!-- Command line suite -->
</testng-results>
